2023-03-20 17:11:12.280249 [INFO   ] [APP] application started
2023-03-20 17:11:12.280648 [INFO   ] [APP] loading configuration from 'autotrader.json'
2023-03-20 17:11:12.281168 [INFO   ] [CON] connecting to: 127.0.0.1:12345
2023-03-20 17:11:12.281361 [INFO   ] [CON] connected successfully to: 127.0.0.1:12345
2023-03-20 17:11:12.281419 [INFO   ] [BASE] logging in with teamname='CPPMarketMaker' and secret='secret'
2023-03-20 17:11:12.282195 [DEBUG  ] [CON] 'Exec' sent 103 bytes
2023-03-20 17:11:16.815871 [DEBUG  ] [CON] 'Info' received 88 bytes
2023-03-20 17:11:16.815900 [DEBUG  ] [CON] 'Info' received message with type=10 and size=88
2023-03-20 17:11:16.816036 [DEBUG  ] [CON] 'Exec' sent 17 bytes
2023-03-20 17:11:16.816069 [DEBUG  ] [CON] 'Info' received 88 bytes
2023-03-20 17:11:16.816077 [DEBUG  ] [CON] 'Info' received message with type=10 and size=88
2023-03-20 17:11:16.816152 [DEBUG  ] [CON] 'Exec' sent 17 bytes
2023-03-20 17:11:16.816301 [DEBUG  ] [CON] 'Exec' received 19 bytes
2023-03-20 17:11:16.816317 [DEBUG  ] [CON] 'Exec' received message with type=9 and size=19
2023-03-20 17:11:16.816405 [DEBUG  ] [CON] 'Exec' received 19 bytes
2023-03-20 17:11:16.816420 [DEBUG  ] [CON] 'Exec' received message with type=9 and size=19
2023-03-20 17:11:17.069713 [DEBUG  ] [CON] 'Info' received 88 bytes
2023-03-20 17:11:17.069742 [DEBUG  ] [CON] 'Info' received message with type=10 and size=88
2023-03-20 17:11:17.069769 [DEBUG  ] [CON] 'Info' received 88 bytes
2023-03-20 17:11:17.069775 [DEBUG  ] [CON] 'Info' received message with type=10 and size=88
2023-03-20 17:11:17.312764 [DEBUG  ] [CON] 'Info' received 88 bytes
2023-03-20 17:11:17.312795 [DEBUG  ] [CON] 'Info' received message with type=10 and size=88
2023-03-20 17:11:17.312868 [DEBUG  ] [CON] 'Exec' sent 7 bytes
2023-03-20 17:11:17.312891 [DEBUG  ] [CON] 'Info' received 88 bytes
2023-03-20 17:11:17.312900 [DEBUG  ] [CON] 'Info' received message with type=10 and size=88
2023-03-20 17:11:17.312926 [DEBUG  ] [CON] 'Exec' sent 17 bytes
2023-03-20 17:11:17.313630 [DEBUG  ] [CON] 'Exec' received 19 bytes
2023-03-20 17:11:17.313646 [DEBUG  ] [CON] 'Exec' received message with type=9 and size=19
2023-03-20 17:11:17.313818 [DEBUG  ] [CON] 'Exec' received 19 bytes
2023-03-20 17:11:17.313831 [DEBUG  ] [CON] 'Exec' received message with type=9 and size=19
2023-03-20 17:11:17.581865 [DEBUG  ] [CON] 'Info' received 88 bytes
2023-03-20 17:11:17.581892 [DEBUG  ] [CON] 'Info' received message with type=10 and size=88
2023-03-20 17:11:17.581920 [DEBUG  ] [CON] 'Info' received 88 bytes
2023-03-20 17:11:17.581928 [DEBUG  ] [CON] 'Info' received message with type=10 and size=88
2023-03-20 17:11:17.827239 [DEBUG  ] [CON] 'Info' received 88 bytes
2023-03-20 17:11:17.827265 [DEBUG  ] [CON] 'Info' received message with type=11 and size=88
2023-03-20 17:11:17.840355 [DEBUG  ] [CON] 'Info' received 88 bytes
2023-03-20 17:11:17.840379 [DEBUG  ] [CON] 'Info' received message with type=10 and size=88
2023-03-20 17:11:17.840508 [DEBUG  ] [CON] 'Exec' sent 7 bytes
2023-03-20 17:11:17.840538 [DEBUG  ] [CON] 'Info' received 88 bytes
2023-03-20 17:11:17.840546 [DEBUG  ] [CON] 'Info' received message with type=10 and size=88
2023-03-20 17:11:17.840591 [DEBUG  ] [CON] 'Exec' sent 41 bytes
2023-03-20 17:11:17.841024 [DEBUG  ] [CON] 'Exec' received 19 bytes
2023-03-20 17:11:17.841042 [DEBUG  ] [CON] 'Exec' received message with type=9 and size=19
2023-03-20 17:11:17.841118 [DEBUG  ] [CON] 'Exec' received 19 bytes
2023-03-20 17:11:17.841163 [DEBUG  ] [CON] 'Exec' received message with type=9 and size=19
2023-03-20 17:11:17.841237 [DEBUG  ] [CON] 'Exec' received 19 bytes
2023-03-20 17:11:17.841251 [DEBUG  ] [CON] 'Exec' received message with type=9 and size=19
2023-03-20 17:11:17.841399 [DEBUG  ] [CON] 'Exec' received 19 bytes
2023-03-20 17:11:17.841413 [DEBUG  ] [CON] 'Exec' received message with type=9 and size=19
2023-03-20 17:11:18.091314 [DEBUG  ] [CON] 'Info' received 88 bytes
2023-03-20 17:11:18.091343 [DEBUG  ] [CON] 'Info' received message with type=10 and size=88
2023-03-20 17:11:18.091411 [DEBUG  ] [CON] 'Exec' sent 7 bytes
2023-03-20 17:11:18.091443 [DEBUG  ] [CON] 'Info' received 88 bytes
2023-03-20 17:11:18.091451 [DEBUG  ] [CON] 'Info' received message with type=10 and size=88
2023-03-20 17:11:18.091545 [DEBUG  ] [CON] 'Exec' sent 17 bytes
2023-03-20 17:11:18.091928 [DEBUG  ] [CON] 'Exec' received 19 bytes
2023-03-20 17:11:18.091943 [DEBUG  ] [CON] 'Exec' received message with type=9 and size=19
2023-03-20 17:11:18.092139 [DEBUG  ] [CON] 'Exec' received 19 bytes
2023-03-20 17:11:18.092155 [DEBUG  ] [CON] 'Exec' received message with type=9 and size=19
2023-03-20 17:11:18.269301 [DEBUG  ] [CON] 'Info' received 88 bytes
2023-03-20 17:11:18.269326 [DEBUG  ] [CON] 'Info' received message with type=11 and size=88
2023-03-20 17:11:18.274557 [DEBUG  ] [CON] 'Info' received 88 bytes
2023-03-20 17:11:18.274580 [DEBUG  ] [CON] 'Info' received message with type=10 and size=88
2023-03-20 17:11:18.274652 [DEBUG  ] [CON] 'Exec' sent 7 bytes
2023-03-20 17:11:18.274689 [DEBUG  ] [CON] 'Info' received 88 bytes
2023-03-20 17:11:18.274702 [DEBUG  ] [CON] 'Info' received message with type=10 and size=88
2023-03-20 17:11:18.274730 [DEBUG  ] [CON] 'Exec' sent 41 bytes
2023-03-20 17:11:18.274894 [DEBUG  ] [CON] 'Exec' received 19 bytes
2023-03-20 17:11:18.274907 [DEBUG  ] [CON] 'Exec' received message with type=9 and size=19
2023-03-20 17:11:18.275017 [DEBUG  ] [CON] 'Exec' received 19 bytes
2023-03-20 17:11:18.275029 [DEBUG  ] [CON] 'Exec' received message with type=9 and size=19
2023-03-20 17:11:18.275146 [DEBUG  ] [CON] 'Exec' received 19 bytes
2023-03-20 17:11:18.275158 [DEBUG  ] [CON] 'Exec' received message with type=9 and size=19
2023-03-20 17:11:18.275243 [DEBUG  ] [CON] 'Exec' received 19 bytes
2023-03-20 17:11:18.275254 [DEBUG  ] [CON] 'Exec' received message with type=9 and size=19
2023-03-20 17:11:18.570698 [DEBUG  ] [CON] 'Info' received 88 bytes
2023-03-20 17:11:18.570732 [DEBUG  ] [CON] 'Info' received message with type=10 and size=88
2023-03-20 17:11:18.570811 [DEBUG  ] [CON] 'Info' received 88 bytes
2023-03-20 17:11:18.570834 [DEBUG  ] [CON] 'Info' received message with type=10 and size=88
2023-03-20 17:11:18.621140 [DEBUG  ] [CON] 'Exec' received 34 bytes
2023-03-20 17:11:18.621185 [DEBUG  ] [CON] 'Exec' received message with type=8 and size=15
2023-03-20 17:11:18.621203 [DEBUG  ] [CON] 'Exec' received message with type=9 and size=19
2023-03-20 17:11:18.621448 [DEBUG  ] [CON] 'Info' received 88 bytes
2023-03-20 17:11:18.621481 [DEBUG  ] [CON] 'Info' received message with type=11 and size=88
2023-03-20 17:11:18.843198 [DEBUG  ] [CON] 'Info' received 88 bytes
2023-03-20 17:11:18.843226 [DEBUG  ] [CON] 'Info' received message with type=10 and size=88
2023-03-20 17:11:18.843292 [DEBUG  ] [CON] 'Exec' sent 7 bytes
2023-03-20 17:11:18.843315 [DEBUG  ] [CON] 'Info' received 88 bytes
2023-03-20 17:11:18.843322 [DEBUG  ] [CON] 'Info' received message with type=10 and size=88
2023-03-20 17:11:18.843370 [DEBUG  ] [CON] 'Exec' sent 34 bytes
2023-03-20 17:11:18.843908 [DEBUG  ] [CON] 'Exec' received 57 bytes
2023-03-20 17:11:18.843925 [DEBUG  ] [CON] 'Exec' received message with type=9 and size=19
2023-03-20 17:11:18.843935 [DEBUG  ] [CON] 'Exec' received message with type=9 and size=19
2023-03-20 17:11:18.843939 [DEBUG  ] [CON] 'Exec' received message with type=9 and size=19
2023-03-20 17:11:19.094263 [DEBUG  ] [CON] 'Info' received 88 bytes
2023-03-20 17:11:19.094293 [DEBUG  ] [CON] 'Info' received message with type=10 and size=88
2023-03-20 17:11:19.094356 [DEBUG  ] [CON] 'Exec' sent 7 bytes
2023-03-20 17:11:19.094389 [DEBUG  ] [CON] 'Info' received 88 bytes
2023-03-20 17:11:19.094399 [DEBUG  ] [CON] 'Info' received message with type=10 and size=88
2023-03-20 17:11:19.094431 [DEBUG  ] [CON] 'Exec' sent 41 bytes
2023-03-20 17:11:19.094688 [DEBUG  ] [CON] 'Exec' received 19 bytes
2023-03-20 17:11:19.094704 [DEBUG  ] [CON] 'Exec' received message with type=9 and size=19
2023-03-20 17:11:19.094859 [DEBUG  ] [CON] 'Exec' received 19 bytes
2023-03-20 17:11:19.094874 [DEBUG  ] [CON] 'Exec' received message with type=9 and size=19
2023-03-20 17:11:19.095041 [DEBUG  ] [CON] 'Exec' received 19 bytes
2023-03-20 17:11:19.095055 [DEBUG  ] [CON] 'Exec' received message with type=9 and size=19
2023-03-20 17:11:19.095105 [DEBUG  ] [CON] 'Exec' received 19 bytes
2023-03-20 17:11:19.095116 [DEBUG  ] [CON] 'Exec' received message with type=9 and size=19
2023-03-20 17:11:19.214200 [DEBUG  ] [CON] 'Info' received 88 bytes
2023-03-20 17:11:19.214225 [DEBUG  ] [CON] 'Info' received message with type=11 and size=88
2023-03-20 17:11:19.336874 [DEBUG  ] [CON] 'Info' received 88 bytes
2023-03-20 17:11:19.336900 [DEBUG  ] [CON] 'Info' received message with type=10 and size=88
2023-03-20 17:11:19.336971 [DEBUG  ] [CON] 'Exec' sent 7 bytes
2023-03-20 17:11:19.336996 [DEBUG  ] [CON] 'Info' received 88 bytes
2023-03-20 17:11:19.337003 [DEBUG  ] [CON] 'Info' received message with type=10 and size=88
2023-03-20 17:11:19.337052 [DEBUG  ] [CON] 'Exec' sent 41 bytes
2023-03-20 17:11:19.337465 [DEBUG  ] [CON] 'Exec' received 19 bytes
2023-03-20 17:11:19.337482 [DEBUG  ] [CON] 'Exec' received message with type=9 and size=19
2023-03-20 17:11:19.337521 [DEBUG  ] [CON] 'Exec' received 19 bytes
2023-03-20 17:11:19.337533 [DEBUG  ] [CON] 'Exec' received message with type=9 and size=19
2023-03-20 17:11:19.337615 [DEBUG  ] [CON] 'Exec' received 19 bytes
2023-03-20 17:11:19.337629 [DEBUG  ] [CON] 'Exec' received message with type=9 and size=19
2023-03-20 17:11:19.337677 [DEBUG  ] [CON] 'Exec' received 19 bytes
2023-03-20 17:11:19.337690 [DEBUG  ] [CON] 'Exec' received message with type=9 and size=19
2023-03-20 17:11:19.523533 [DEBUG  ] [CON] 'Info' received 88 bytes
2023-03-20 17:11:19.523561 [DEBUG  ] [CON] 'Info' received message with type=10 and size=88
2023-03-20 17:11:19.523620 [DEBUG  ] [CON] 'Exec' sent 7 bytes
2023-03-20 17:11:19.523640 [DEBUG  ] [CON] 'Info' received 88 bytes
2023-03-20 17:11:19.523650 [DEBUG  ] [CON] 'Info' received message with type=10 and size=88
2023-03-20 17:11:19.523674 [DEBUG  ] [CON] 'Exec' sent 41 bytes
2023-03-20 17:11:19.523887 [DEBUG  ] [CON] 'Exec' received 15 bytes
2023-03-20 17:11:19.523900 [DEBUG  ] [CON] 'Exec' received message with type=8 and size=15
2023-03-20 17:11:19.524018 [DEBUG  ] [CON] 'Exec' received 19 bytes
2023-03-20 17:11:19.524043 [DEBUG  ] [CON] 'Exec' received message with type=9 and size=19
2023-03-20 17:11:19.524105 [DEBUG  ] [CON] 'Exec' received 19 bytes
2023-03-20 17:11:19.524116 [DEBUG  ] [CON] 'Exec' received message with type=9 and size=19
2023-03-20 17:11:19.524175 [DEBUG  ] [CON] 'Exec' received 19 bytes
2023-03-20 17:11:19.524190 [DEBUG  ] [CON] 'Exec' received message with type=9 and size=19
2023-03-20 17:11:19.524239 [DEBUG  ] [CON] 'Exec' received 19 bytes
2023-03-20 17:11:19.524251 [DEBUG  ] [CON] 'Exec' received message with type=9 and size=19
2023-03-20 17:11:19.524337 [DEBUG  ] [CON] 'Info' received 88 bytes
2023-03-20 17:11:19.524349 [DEBUG  ] [CON] 'Info' received message with type=11 and size=88
2023-03-20 17:11:19.837157 [DEBUG  ] [CON] 'Info' received 88 bytes
2023-03-20 17:11:19.837196 [DEBUG  ] [CON] 'Info' received message with type=10 and size=88
2023-03-20 17:11:19.837318 [DEBUG  ] [CON] 'Info' received 88 bytes
2023-03-20 17:11:19.837342 [DEBUG  ] [CON] 'Info' received message with type=10 and size=88
2023-03-20 17:11:20.026451 [DEBUG  ] [CON] 'Info' received 88 bytes
2023-03-20 17:11:20.026480 [DEBUG  ] [CON] 'Info' received message with type=10 and size=88
2023-03-20 17:11:20.026543 [DEBUG  ] [CON] 'Exec' sent 7 bytes
2023-03-20 17:11:20.026571 [DEBUG  ] [CON] 'Info' received 88 bytes
2023-03-20 17:11:20.026578 [DEBUG  ] [CON] 'Info' received message with type=10 and size=88
2023-03-20 17:11:20.026624 [DEBUG  ] [CON] 'Exec' sent 41 bytes
2023-03-20 17:11:20.026974 [DEBUG  ] [CON] 'Exec' received 19 bytes
2023-03-20 17:11:20.026992 [DEBUG  ] [CON] 'Exec' received message with type=9 and size=19
2023-03-20 17:11:20.027154 [DEBUG  ] [CON] 'Exec' received 19 bytes
2023-03-20 17:11:20.027170 [DEBUG  ] [CON] 'Exec' received message with type=9 and size=19
2023-03-20 17:11:20.027400 [DEBUG  ] [CON] 'Exec' received 19 bytes
2023-03-20 17:11:20.027415 [DEBUG  ] [CON] 'Exec' received message with type=9 and size=19
2023-03-20 17:11:20.027481 [DEBUG  ] [CON] 'Exec' received 19 bytes
2023-03-20 17:11:20.027495 [DEBUG  ] [CON] 'Exec' received message with type=9 and size=19
2023-03-20 17:11:20.277686 [DEBUG  ] [CON] 'Info' received 88 bytes
2023-03-20 17:11:20.277717 [DEBUG  ] [CON] 'Info' received message with type=10 and size=88
2023-03-20 17:11:20.277791 [DEBUG  ] [CON] 'Exec' sent 7 bytes
2023-03-20 17:11:20.277831 [DEBUG  ] [CON] 'Info' received 88 bytes
2023-03-20 17:11:20.277841 [DEBUG  ] [CON] 'Info' received message with type=10 and size=88
2023-03-20 17:11:20.277872 [DEBUG  ] [CON] 'Exec' sent 41 bytes
2023-03-20 17:11:20.277992 [DEBUG  ] [CON] 'Exec' received 19 bytes
2023-03-20 17:11:20.278013 [DEBUG  ] [CON] 'Exec' received message with type=9 and size=19
2023-03-20 17:11:20.278116 [DEBUG  ] [CON] 'Exec' received 19 bytes
2023-03-20 17:11:20.278134 [DEBUG  ] [CON] 'Exec' received message with type=9 and size=19
2023-03-20 17:11:20.278311 [DEBUG  ] [CON] 'Exec' received 19 bytes
2023-03-20 17:11:20.278327 [DEBUG  ] [CON] 'Exec' received message with type=9 and size=19
2023-03-20 17:11:20.278504 [DEBUG  ] [CON] 'Exec' received 19 bytes
2023-03-20 17:11:20.278524 [DEBUG  ] [CON] 'Exec' received message with type=9 and size=19
2023-03-20 17:11:20.384084 [DEBUG  ] [CON] 'Info' received 88 bytes
2023-03-20 17:11:20.384107 [DEBUG  ] [CON] 'Info' received message with type=11 and size=88
2023-03-20 17:11:20.565122 [DEBUG  ] [CON] 'Info' received 88 bytes
2023-03-20 17:11:20.565149 [DEBUG  ] [CON] 'Info' received message with type=10 and size=88
2023-03-20 17:11:20.565214 [DEBUG  ] [CON] 'Exec' sent 7 bytes
2023-03-20 17:11:20.565245 [DEBUG  ] [CON] 'Info' received 88 bytes
2023-03-20 17:11:20.565252 [DEBUG  ] [CON] 'Info' received message with type=10 and size=88
2023-03-20 17:11:20.565296 [DEBUG  ] [CON] 'Exec' sent 41 bytes
2023-03-20 17:11:20.567138 [DEBUG  ] [CON] 'Exec' received 19 bytes
2023-03-20 17:11:20.567158 [DEBUG  ] [CON] 'Exec' received message with type=9 and size=19
2023-03-20 17:11:20.567333 [DEBUG  ] [CON] 'Exec' received 19 bytes
2023-03-20 17:11:20.567347 [DEBUG  ] [CON] 'Exec' received message with type=9 and size=19
2023-03-20 17:11:20.567399 [DEBUG  ] [CON] 'Exec' received 19 bytes
2023-03-20 17:11:20.567413 [DEBUG  ] [CON] 'Exec' received message with type=9 and size=19
2023-03-20 17:11:20.567618 [DEBUG  ] [CON] 'Exec' received 19 bytes
2023-03-20 17:11:20.567632 [DEBUG  ] [CON] 'Exec' received message with type=9 and size=19
2023-03-20 17:11:20.824543 [DEBUG  ] [CON] 'Info' received 88 bytes
2023-03-20 17:11:20.824592 [DEBUG  ] [CON] 'Info' received message with type=10 and size=88
2023-03-20 17:11:20.824666 [DEBUG  ] [CON] 'Exec' sent 7 bytes
2023-03-20 17:11:20.824701 [DEBUG  ] [CON] 'Info' received 88 bytes
2023-03-20 17:11:20.824710 [DEBUG  ] [CON] 'Info' received message with type=10 and size=88
2023-03-20 17:11:20.824740 [DEBUG  ] [CON] 'Exec' sent 41 bytes
2023-03-20 17:11:20.824994 [DEBUG  ] [CON] 'Exec' received 19 bytes
2023-03-20 17:11:20.825012 [DEBUG  ] [CON] 'Exec' received message with type=9 and size=19
2023-03-20 17:11:20.825339 [DEBUG  ] [CON] 'Exec' received 19 bytes
2023-03-20 17:11:20.825359 [DEBUG  ] [CON] 'Exec' received message with type=9 and size=19
2023-03-20 17:11:20.825535 [DEBUG  ] [CON] 'Exec' received 19 bytes
2023-03-20 17:11:20.825550 [DEBUG  ] [CON] 'Exec' received message with type=9 and size=19
2023-03-20 17:11:20.825662 [DEBUG  ] [CON] 'Exec' received 19 bytes
2023-03-20 17:11:20.825679 [DEBUG  ] [CON] 'Exec' received message with type=9 and size=19
2023-03-20 17:11:20.921372 [DEBUG  ] [CON] 'Exec' received 15 bytes
2023-03-20 17:11:20.921404 [DEBUG  ] [CON] 'Exec' received message with type=8 and size=15
2023-03-20 17:11:20.921483 [DEBUG  ] [CON] 'Exec' received 19 bytes
2023-03-20 17:11:20.921505 [DEBUG  ] [CON] 'Exec' received message with type=9 and size=19
2023-03-20 17:11:20.923116 [DEBUG  ] [CON] 'Info' received 88 bytes
2023-03-20 17:11:20.923141 [DEBUG  ] [CON] 'Info' received message with type=11 and size=88
2023-03-20 17:11:21.020808 [DEBUG  ] [CON] 'Info' received 88 bytes
2023-03-20 17:11:21.020852 [DEBUG  ] [CON] 'Info' received message with type=10 and size=88
2023-03-20 17:11:21.020978 [DEBUG  ] [CON] 'Exec' sent 17 bytes
2023-03-20 17:11:21.020996 [DEBUG  ] [CON] 'Info' received 88 bytes
2023-03-20 17:11:21.021003 [DEBUG  ] [CON] 'Info' received message with type=10 and size=88
2023-03-20 17:11:21.022084 [DEBUG  ] [CON] 'Exec' received 19 bytes
2023-03-20 17:11:21.022107 [DEBUG  ] [CON] 'Exec' received message with type=9 and size=19
2023-03-20 17:11:21.272169 [DEBUG  ] [CON] 'Info' received 88 bytes
2023-03-20 17:11:21.272199 [DEBUG  ] [CON] 'Info' received message with type=10 and size=88
2023-03-20 17:11:21.272256 [DEBUG  ] [CON] 'Exec' sent 7 bytes
2023-03-20 17:11:21.272298 [DEBUG  ] [CON] 'Info' received 88 bytes
2023-03-20 17:11:21.272309 [DEBUG  ] [CON] 'Info' received message with type=10 and size=88
2023-03-20 17:11:21.272347 [DEBUG  ] [CON] 'Exec' sent 17 bytes
2023-03-20 17:11:21.272894 [DEBUG  ] [CON] 'Exec' received 19 bytes
2023-03-20 17:11:21.272913 [DEBUG  ] [CON] 'Exec' received message with type=9 and size=19
2023-03-20 17:11:21.273565 [DEBUG  ] [CON] 'Exec' received 19 bytes
2023-03-20 17:11:21.273587 [DEBUG  ] [CON] 'Exec' received message with type=9 and size=19
2023-03-20 17:11:21.366086 [DEBUG  ] [CON] 'Info' received 88 bytes
2023-03-20 17:11:21.366114 [DEBUG  ] [CON] 'Info' received message with type=11 and size=88
2023-03-20 17:11:21.575958 [DEBUG  ] [CON] 'Info' received 88 bytes
2023-03-20 17:11:21.575985 [DEBUG  ] [CON] 'Info' received message with type=10 and size=88
2023-03-20 17:11:21.576056 [DEBUG  ] [CON] 'Exec' sent 7 bytes
2023-03-20 17:11:21.576106 [DEBUG  ] [CON] 'Info' received 88 bytes
2023-03-20 17:11:21.576120 [DEBUG  ] [CON] 'Info' received message with type=10 and size=88
2023-03-20 17:11:21.576154 [DEBUG  ] [CON] 'Exec' sent 17 bytes
2023-03-20 17:11:21.576320 [DEBUG  ] [CON] 'Exec' received 19 bytes
2023-03-20 17:11:21.576336 [DEBUG  ] [CON] 'Exec' received message with type=9 and size=19
2023-03-20 17:11:21.576638 [DEBUG  ] [CON] 'Exec' received 19 bytes
2023-03-20 17:11:21.576657 [DEBUG  ] [CON] 'Exec' received message with type=9 and size=19
2023-03-20 17:11:21.616092 [DEBUG  ] [CON] 'Exec' received 15 bytes
2023-03-20 17:11:21.616122 [DEBUG  ] [CON] 'Exec' received message with type=8 and size=15
2023-03-20 17:11:21.616297 [DEBUG  ] [CON] 'Exec' received 19 bytes
2023-03-20 17:11:21.616315 [DEBUG  ] [CON] 'Exec' received message with type=9 and size=19
2023-03-20 17:11:21.616567 [DEBUG  ] [CON] 'Info' received 88 bytes
2023-03-20 17:11:21.616581 [DEBUG  ] [CON] 'Info' received message with type=11 and size=88
2023-03-20 17:11:21.769943 [DEBUG  ] [CON] 'Info' received 88 bytes
2023-03-20 17:11:21.769972 [DEBUG  ] [CON] 'Info' received message with type=11 and size=88
2023-03-20 17:11:21.808768 [DEBUG  ] [CON] 'Info' received 88 bytes
2023-03-20 17:11:21.808791 [DEBUG  ] [CON] 'Info' received message with type=11 and size=88
2023-03-20 17:11:21.816996 [DEBUG  ] [CON] 'Info' received 88 bytes
2023-03-20 17:11:21.817031 [DEBUG  ] [CON] 'Info' received message with type=10 and size=88
2023-03-20 17:11:21.817106 [DEBUG  ] [CON] 'Exec' sent 7 bytes
2023-03-20 17:11:21.817168 [DEBUG  ] [CON] 'Info' received 88 bytes
2023-03-20 17:11:21.817176 [DEBUG  ] [CON] 'Info' received message with type=10 and size=88
2023-03-20 17:11:21.817204 [DEBUG  ] [CON] 'Exec' sent 41 bytes
2023-03-20 17:11:21.818908 [DEBUG  ] [CON] 'Exec' received 19 bytes
2023-03-20 17:11:21.818923 [DEBUG  ] [CON] 'Exec' received message with type=9 and size=19
2023-03-20 17:11:21.819057 [DEBUG  ] [CON] 'Exec' received 19 bytes
2023-03-20 17:11:21.819071 [DEBUG  ] [CON] 'Exec' received message with type=9 and size=19
2023-03-20 17:11:21.819183 [DEBUG  ] [CON] 'Exec' received 19 bytes
2023-03-20 17:11:21.819197 [DEBUG  ] [CON] 'Exec' received message with type=9 and size=19
2023-03-20 17:11:21.819294 [DEBUG  ] [CON] 'Exec' received 19 bytes
2023-03-20 17:11:21.819305 [DEBUG  ] [CON] 'Exec' received message with type=9 and size=19
2023-03-20 17:11:22.103588 [DEBUG  ] [CON] 'Info' received 88 bytes
2023-03-20 17:11:22.103619 [DEBUG  ] [CON] 'Info' received message with type=10 and size=88
2023-03-20 17:11:22.103649 [DEBUG  ] [CON] 'Info' received 88 bytes
2023-03-20 17:11:22.103658 [DEBUG  ] [CON] 'Info' received message with type=10 and size=88
2023-03-20 17:11:22.222022 [DEBUG  ] [CON] 'Info' received 88 bytes
2023-03-20 17:11:22.222050 [DEBUG  ] [CON] 'Info' received message with type=11 and size=88
2023-03-20 17:11:22.310410 [DEBUG  ] [CON] 'Exec' received 34 bytes
2023-03-20 17:11:22.310439 [DEBUG  ] [CON] 'Exec' received message with type=8 and size=15
2023-03-20 17:11:22.310451 [DEBUG  ] [CON] 'Exec' received message with type=9 and size=19
2023-03-20 17:11:22.310835 [DEBUG  ] [CON] 'Info' received 88 bytes
2023-03-20 17:11:22.310857 [DEBUG  ] [CON] 'Info' received message with type=11 and size=88
2023-03-20 17:11:22.346340 [DEBUG  ] [CON] 'Info' received 88 bytes
2023-03-20 17:11:22.346376 [DEBUG  ] [CON] 'Info' received message with type=10 and size=88
2023-03-20 17:11:22.346460 [DEBUG  ] [CON] 'Exec' sent 7 bytes
2023-03-20 17:11:22.346499 [DEBUG  ] [CON] 'Info' received 88 bytes
2023-03-20 17:11:22.346511 [DEBUG  ] [CON] 'Info' received message with type=10 and size=88
2023-03-20 17:11:22.346546 [DEBUG  ] [CON] 'Exec' sent 34 bytes
2023-03-20 17:11:22.347612 [DEBUG  ] [CON] 'Exec' received 19 bytes
2023-03-20 17:11:22.347636 [DEBUG  ] [CON] 'Exec' received message with type=9 and size=19
2023-03-20 17:11:22.348028 [DEBUG  ] [CON] 'Exec' received 34 bytes
2023-03-20 17:11:22.348052 [DEBUG  ] [CON] 'Exec' received message with type=8 and size=15
2023-03-20 17:11:22.348063 [DEBUG  ] [CON] 'Exec' received message with type=9 and size=19
2023-03-20 17:11:22.348142 [DEBUG  ] [CON] 'Exec' received 19 bytes
2023-03-20 17:11:22.348163 [DEBUG  ] [CON] 'Exec' received message with type=9 and size=19
2023-03-20 17:11:22.348267 [DEBUG  ] [CON] 'Info' received 88 bytes
2023-03-20 17:11:22.348281 [DEBUG  ] [CON] 'Info' received message with type=11 and size=88
2023-03-20 17:11:22.574057 [DEBUG  ] [CON] 'Info' received 88 bytes
2023-03-20 17:11:22.574087 [DEBUG  ] [CON] 'Info' received message with type=10 and size=88
2023-03-20 17:11:22.574160 [DEBUG  ] [CON] 'Exec' sent 7 bytes
2023-03-20 17:11:22.574221 [DEBUG  ] [CON] 'Info' received 88 bytes
2023-03-20 17:11:22.574241 [DEBUG  ] [CON] 'Info' received message with type=10 and size=88
2023-03-20 17:11:22.574285 [DEBUG  ] [CON] 'Exec' sent 34 bytes
2023-03-20 17:11:22.574757 [DEBUG  ] [CON] 'Exec' received 19 bytes
2023-03-20 17:11:22.574776 [DEBUG  ] [CON] 'Exec' received message with type=9 and size=19
2023-03-20 17:11:22.575064 [DEBUG  ] [CON] 'Exec' received 15 bytes
2023-03-20 17:11:22.575082 [DEBUG  ] [CON] 'Exec' received message with type=8 and size=15
2023-03-20 17:11:22.575176 [DEBUG  ] [CON] 'Exec' received 19 bytes
2023-03-20 17:11:22.575193 [DEBUG  ] [CON] 'Exec' received message with type=9 and size=19
2023-03-20 17:11:22.575281 [DEBUG  ] [CON] 'Exec' received 19 bytes
2023-03-20 17:11:22.575294 [DEBUG  ] [CON] 'Exec' received message with type=9 and size=19
2023-03-20 17:11:22.575396 [DEBUG  ] [CON] 'Info' received 88 bytes
2023-03-20 17:11:22.575406 [DEBUG  ] [CON] 'Info' received message with type=11 and size=88
2023-03-20 17:11:22.822653 [DEBUG  ] [CON] 'Info' received 88 bytes
2023-03-20 17:11:22.822680 [DEBUG  ] [CON] 'Info' received message with type=10 and size=88
2023-03-20 17:11:22.822738 [DEBUG  ] [CON] 'Exec' sent 7 bytes
2023-03-20 17:11:22.822771 [DEBUG  ] [CON] 'Info' received 88 bytes
2023-03-20 17:11:22.822780 [DEBUG  ] [CON] 'Info' received message with type=10 and size=88
2023-03-20 17:11:22.822808 [DEBUG  ] [CON] 'Exec' sent 24 bytes
2023-03-20 17:11:22.822873 [DEBUG  ] [CON] 'Exec' received 19 bytes
2023-03-20 17:11:22.822903 [DEBUG  ] [CON] 'Exec' received message with type=9 and size=19
2023-03-20 17:11:22.823017 [DEBUG  ] [CON] 'Exec' received 19 bytes
2023-03-20 17:11:22.823032 [DEBUG  ] [CON] 'Exec' received message with type=9 and size=19
2023-03-20 17:11:22.823161 [DEBUG  ] [CON] 'Exec' received 19 bytes
2023-03-20 17:11:22.823175 [DEBUG  ] [CON] 'Exec' received message with type=9 and size=19
2023-03-20 17:11:22.969275 [DEBUG  ] [CON] 'Info' received 88 bytes
2023-03-20 17:11:22.969320 [DEBUG  ] [CON] 'Info' received message with type=11 and size=88
2023-03-20 17:11:23.063537 [DEBUG  ] [CON] 'Info' received 88 bytes
2023-03-20 17:11:23.063576 [DEBUG  ] [CON] 'Info' received message with type=10 and size=88
2023-03-20 17:11:23.063613 [DEBUG  ] [CON] 'Info' received 88 bytes
2023-03-20 17:11:23.063627 [DEBUG  ] [CON] 'Info' received message with type=10 and size=88
2023-03-20 17:11:23.077992 [DEBUG  ] [CON] 'Info' received 88 bytes
2023-03-20 17:11:23.078019 [DEBUG  ] [CON] 'Info' received message with type=11 and size=88
2023-03-20 17:11:23.353402 [DEBUG  ] [CON] 'Info' received 88 bytes
2023-03-20 17:11:23.353431 [DEBUG  ] [CON] 'Info' received message with type=10 and size=88
2023-03-20 17:11:23.353484 [DEBUG  ] [CON] 'Exec' sent 7 bytes
2023-03-20 17:11:23.353514 [DEBUG  ] [CON] 'Info' received 88 bytes
2023-03-20 17:11:23.353526 [DEBUG  ] [CON] 'Info' received message with type=10 and size=88
2023-03-20 17:11:23.353553 [DEBUG  ] [CON] 'Exec' sent 17 bytes
2023-03-20 17:11:23.353572 [DEBUG  ] [CON] 'Exec' received 19 bytes
2023-03-20 17:11:23.353579 [DEBUG  ] [CON] 'Exec' received message with type=9 and size=19
2023-03-20 17:11:23.353814 [DEBUG  ] [CON] 'Exec' received 19 bytes
2023-03-20 17:11:23.353830 [DEBUG  ] [CON] 'Exec' received message with type=9 and size=19
2023-03-20 17:11:23.592668 [DEBUG  ] [CON] 'Info' received 88 bytes
2023-03-20 17:11:23.592701 [DEBUG  ] [CON] 'Info' received message with type=10 and size=88
2023-03-20 17:11:23.592779 [DEBUG  ] [CON] 'Exec' sent 7 bytes
2023-03-20 17:11:23.592818 [DEBUG  ] [CON] 'Info' received 88 bytes
2023-03-20 17:11:23.592828 [DEBUG  ] [CON] 'Info' received message with type=10 and size=88
2023-03-20 17:11:23.592865 [DEBUG  ] [CON] 'Exec' sent 17 bytes
2023-03-20 17:11:23.594380 [DEBUG  ] [CON] 'Exec' received 19 bytes
2023-03-20 17:11:23.594400 [DEBUG  ] [CON] 'Exec' received message with type=9 and size=19
2023-03-20 17:11:23.594696 [DEBUG  ] [CON] 'Exec' received 19 bytes
2023-03-20 17:11:23.594715 [DEBUG  ] [CON] 'Exec' received message with type=9 and size=19
2023-03-20 17:11:23.716248 [DEBUG  ] [CON] 'Exec' received 34 bytes
2023-03-20 17:11:23.716279 [DEBUG  ] [CON] 'Exec' received message with type=8 and size=15
2023-03-20 17:11:23.716290 [DEBUG  ] [CON] 'Exec' received message with type=9 and size=19
2023-03-20 17:11:23.718123 [DEBUG  ] [CON] 'Info' received 88 bytes
2023-03-20 17:11:23.718143 [DEBUG  ] [CON] 'Info' received message with type=11 and size=88
2023-03-20 17:11:23.776583 [DEBUG  ] [CON] 'Info' received 88 bytes
2023-03-20 17:11:23.776643 [DEBUG  ] [CON] 'Info' received message with type=10 and size=88
2023-03-20 17:11:23.776724 [DEBUG  ] [CON] 'Exec' sent 7 bytes
2023-03-20 17:11:23.776773 [DEBUG  ] [CON] 'Info' received 88 bytes
2023-03-20 17:11:23.776786 [DEBUG  ] [CON] 'Info' received message with type=10 and size=88
2023-03-20 17:11:23.776816 [DEBUG  ] [CON] 'Exec' sent 34 bytes
2023-03-20 17:11:23.777255 [DEBUG  ] [CON] 'Exec' received 19 bytes
2023-03-20 17:11:23.777275 [DEBUG  ] [CON] 'Exec' received message with type=9 and size=19
2023-03-20 17:11:23.777567 [DEBUG  ] [CON] 'Exec' received 19 bytes
2023-03-20 17:11:23.777587 [DEBUG  ] [CON] 'Exec' received message with type=9 and size=19
2023-03-20 17:11:23.777758 [DEBUG  ] [CON] 'Exec' received 19 bytes
2023-03-20 17:11:23.777777 [DEBUG  ] [CON] 'Exec' received message with type=9 and size=19
2023-03-20 17:11:24.072915 [DEBUG  ] [CON] 'Info' received 88 bytes
2023-03-20 17:11:24.072941 [DEBUG  ] [CON] 'Info' received message with type=10 and size=88
2023-03-20 17:11:24.073009 [DEBUG  ] [CON] 'Exec' sent 7 bytes
2023-03-20 17:11:24.073039 [DEBUG  ] [CON] 'Info' received 88 bytes
2023-03-20 17:11:24.073047 [DEBUG  ] [CON] 'Info' received message with type=10 and size=88
2023-03-20 17:11:24.073074 [DEBUG  ] [CON] 'Exec' sent 41 bytes
2023-03-20 17:11:24.073584 [DEBUG  ] [CON] 'Exec' received 19 bytes
2023-03-20 17:11:24.073600 [DEBUG  ] [CON] 'Exec' received message with type=9 and size=19
2023-03-20 17:11:24.073746 [DEBUG  ] [CON] 'Exec' received 19 bytes
2023-03-20 17:11:24.073762 [DEBUG  ] [CON] 'Exec' received message with type=9 and size=19
2023-03-20 17:11:24.073959 [DEBUG  ] [CON] 'Exec' received 19 bytes
2023-03-20 17:11:24.073974 [DEBUG  ] [CON] 'Exec' received message with type=9 and size=19
2023-03-20 17:11:24.074043 [DEBUG  ] [CON] 'Exec' received 19 bytes
2023-03-20 17:11:24.074056 [DEBUG  ] [CON] 'Exec' received message with type=9 and size=19
2023-03-20 17:11:24.327225 [DEBUG  ] [CON] 'Info' received 88 bytes
2023-03-20 17:11:24.327263 [DEBUG  ] [CON] 'Info' received message with type=10 and size=88
2023-03-20 17:11:24.327311 [DEBUG  ] [CON] 'Info' received 88 bytes
2023-03-20 17:11:24.327334 [DEBUG  ] [CON] 'Info' received message with type=10 and size=88
2023-03-20 17:11:24.403646 [DEBUG  ] [CON] 'Exec' received 34 bytes
2023-03-20 17:11:24.403672 [DEBUG  ] [CON] 'Exec' received message with type=8 and size=15
2023-03-20 17:11:24.403681 [DEBUG  ] [CON] 'Exec' received message with type=9 and size=19
2023-03-20 17:11:24.403881 [DEBUG  ] [CON] 'Info' received 88 bytes
2023-03-20 17:11:24.403894 [DEBUG  ] [CON] 'Info' received message with type=11 and size=88
2023-03-20 17:11:24.469650 [DEBUG  ] [CON] 'Info' received 88 bytes
2023-03-20 17:11:24.469676 [DEBUG  ] [CON] 'Info' received message with type=11 and size=88
2023-03-20 17:11:24.588168 [DEBUG  ] [CON] 'Info' received 88 bytes
2023-03-20 17:11:24.588197 [DEBUG  ] [CON] 'Info' received message with type=10 and size=88
2023-03-20 17:11:24.588264 [DEBUG  ] [CON] 'Exec' sent 17 bytes
2023-03-20 17:11:24.588279 [DEBUG  ] [CON] 'Info' received 88 bytes
2023-03-20 17:11:24.588285 [DEBUG  ] [CON] 'Info' received message with type=10 and size=88
2023-03-20 17:11:24.588629 [DEBUG  ] [CON] 'Exec' received 15 bytes
2023-03-20 17:11:24.588649 [DEBUG  ] [CON] 'Exec' received message with type=8 and size=15
2023-03-20 17:11:24.588711 [DEBUG  ] [CON] 'Exec' received 19 bytes
2023-03-20 17:11:24.588731 [DEBUG  ] [CON] 'Exec' received message with type=9 and size=19
2023-03-20 17:11:24.588766 [DEBUG  ] [CON] 'Info' received 88 bytes
2023-03-20 17:11:24.588778 [DEBUG  ] [CON] 'Info' received message with type=11 and size=88
2023-03-20 17:11:24.803603 [DEBUG  ] [CON] 'Info' received 88 bytes
2023-03-20 17:11:24.803637 [DEBUG  ] [CON] 'Info' received message with type=10 and size=88
2023-03-20 17:11:24.803758 [DEBUG  ] [CON] 'Exec' sent 7 bytes
2023-03-20 17:11:24.803791 [DEBUG  ] [CON] 'Info' received 88 bytes
2023-03-20 17:11:24.803799 [DEBUG  ] [CON] 'Info' received message with type=10 and size=88
2023-03-20 17:11:24.803829 [DEBUG  ] [CON] 'Exec' sent 41 bytes
2023-03-20 17:11:24.804087 [DEBUG  ] [CON] 'Exec' received 19 bytes
2023-03-20 17:11:24.804104 [DEBUG  ] [CON] 'Exec' received message with type=9 and size=19
2023-03-20 17:11:24.804206 [DEBUG  ] [CON] 'Exec' received 19 bytes
2023-03-20 17:11:24.804224 [DEBUG  ] [CON] 'Exec' received message with type=9 and size=19
2023-03-20 17:11:24.804346 [DEBUG  ] [CON] 'Exec' received 19 bytes
2023-03-20 17:11:24.804359 [DEBUG  ] [CON] 'Exec' received message with type=9 and size=19
2023-03-20 17:11:24.804481 [DEBUG  ] [CON] 'Exec' received 19 bytes
2023-03-20 17:11:24.804498 [DEBUG  ] [CON] 'Exec' received message with type=9 and size=19
2023-03-20 17:11:24.967563 [DEBUG  ] [CON] 'Exec' received 15 bytes
2023-03-20 17:11:24.967602 [DEBUG  ] [CON] 'Exec' received message with type=8 and size=15
2023-03-20 17:11:24.967714 [DEBUG  ] [CON] 'Exec' received 19 bytes
2023-03-20 17:11:24.967731 [DEBUG  ] [CON] 'Exec' received message with type=9 and size=19
2023-03-20 17:11:24.967940 [DEBUG  ] [CON] 'Info' received 88 bytes
2023-03-20 17:11:24.967968 [DEBUG  ] [CON] 'Info' received message with type=11 and size=88
2023-03-20 17:11:25.031419 [DEBUG  ] [CON] 'Info' received 88 bytes
2023-03-20 17:11:25.031447 [DEBUG  ] [CON] 'Info' received message with type=10 and size=88
2023-03-20 17:11:25.031487 [DEBUG  ] [CON] 'Info' received 88 bytes
2023-03-20 17:11:25.031502 [DEBUG  ] [CON] 'Info' received message with type=10 and size=88
2023-03-20 17:11:25.296224 [DEBUG  ] [CON] 'Info' received 88 bytes
2023-03-20 17:11:25.296254 [DEBUG  ] [CON] 'Info' received message with type=10 and size=88
2023-03-20 17:11:25.296339 [DEBUG  ] [CON] 'Exec' sent 7 bytes
2023-03-20 17:11:25.296396 [DEBUG  ] [CON] 'Info' received 88 bytes
2023-03-20 17:11:25.296411 [DEBUG  ] [CON] 'Info' received message with type=10 and size=88
2023-03-20 17:11:25.296478 [DEBUG  ] [CON] 'Exec' sent 41 bytes
2023-03-20 17:11:25.296587 [DEBUG  ] [CON] 'Exec' received 19 bytes
2023-03-20 17:11:25.296605 [DEBUG  ] [CON] 'Exec' received message with type=9 and size=19
2023-03-20 17:11:25.296816 [DEBUG  ] [CON] 'Exec' received 19 bytes
2023-03-20 17:11:25.296834 [DEBUG  ] [CON] 'Exec' received message with type=9 and size=19
2023-03-20 17:11:25.296949 [DEBUG  ] [CON] 'Exec' received 19 bytes
2023-03-20 17:11:25.296967 [DEBUG  ] [CON] 'Exec' received message with type=9 and size=19
2023-03-20 17:11:25.297147 [DEBUG  ] [CON] 'Exec' received 19 bytes
2023-03-20 17:11:25.297166 [DEBUG  ] [CON] 'Exec' received message with type=9 and size=19
2023-03-20 17:11:25.513696 [DEBUG  ] [CON] 'Info' received 88 bytes
2023-03-20 17:11:25.513726 [DEBUG  ] [CON] 'Info' received message with type=11 and size=88
2023-03-20 17:11:25.589624 [DEBUG  ] [CON] 'Info' received 88 bytes
2023-03-20 17:11:25.589650 [DEBUG  ] [CON] 'Info' received message with type=10 and size=88
2023-03-20 17:11:25.589690 [DEBUG  ] [CON] 'Info' received 88 bytes
2023-03-20 17:11:25.589707 [DEBUG  ] [CON] 'Info' received message with type=10 and size=88
2023-03-20 17:11:25.818732 [DEBUG  ] [CON] 'Info' received 88 bytes
2023-03-20 17:11:25.818768 [DEBUG  ] [CON] 'Info' received message with type=10 and size=88
2023-03-20 17:11:25.818803 [DEBUG  ] [CON] 'Info' received 88 bytes
2023-03-20 17:11:25.818811 [DEBUG  ] [CON] 'Info' received message with type=10 and size=88
2023-03-20 17:11:26.024572 [DEBUG  ] [CON] 'Info' received 88 bytes
2023-03-20 17:11:26.024618 [DEBUG  ] [CON] 'Info' received message with type=10 and size=88
2023-03-20 17:11:26.024662 [DEBUG  ] [CON] 'Info' received 88 bytes
2023-03-20 17:11:26.024676 [DEBUG  ] [CON] 'Info' received message with type=10 and size=88
2023-03-20 17:11:26.154947 [DEBUG  ] [CON] 'Info' received 88 bytes
2023-03-20 17:11:26.155006 [DEBUG  ] [CON] 'Info' received message with type=11 and size=88
2023-03-20 17:11:26.296066 [DEBUG  ] [CON] 'Info' received 88 bytes
2023-03-20 17:11:26.296110 [DEBUG  ] [CON] 'Info' received message with type=10 and size=88
2023-03-20 17:11:26.296174 [DEBUG  ] [CON] 'Info' received 88 bytes
2023-03-20 17:11:26.296212 [DEBUG  ] [CON] 'Info' received message with type=10 and size=88
2023-03-20 17:11:26.531342 [DEBUG  ] [CON] 'Info' received 88 bytes
2023-03-20 17:11:26.531374 [DEBUG  ] [CON] 'Info' received message with type=11 and size=88
2023-03-20 17:11:26.565429 [DEBUG  ] [CON] 'Info' received 88 bytes
2023-03-20 17:11:26.565463 [DEBUG  ] [CON] 'Info' received message with type=10 and size=88
2023-03-20 17:11:26.565548 [DEBUG  ] [CON] 'Exec' sent 7 bytes
2023-03-20 17:11:26.565603 [DEBUG  ] [CON] 'Info' received 88 bytes
2023-03-20 17:11:26.565618 [DEBUG  ] [CON] 'Info' received message with type=10 and size=88
2023-03-20 17:11:26.565657 [DEBUG  ] [CON] 'Exec' sent 41 bytes
2023-03-20 17:11:26.568034 [DEBUG  ] [CON] 'Exec' received 19 bytes
2023-03-20 17:11:26.568081 [DEBUG  ] [CON] 'Exec' received message with type=9 and size=19
2023-03-20 17:11:26.568162 [DEBUG  ] [CON] 'Exec' received 19 bytes
2023-03-20 17:11:26.568183 [DEBUG  ] [CON] 'Exec' received message with type=9 and size=19
2023-03-20 17:11:26.568509 [DEBUG  ] [CON] 'Exec' received 19 bytes
2023-03-20 17:11:26.568532 [DEBUG  ] [CON] 'Exec' received message with type=9 and size=19
2023-03-20 17:11:26.568600 [DEBUG  ] [CON] 'Exec' received 19 bytes
2023-03-20 17:11:26.568619 [DEBUG  ] [CON] 'Exec' received message with type=9 and size=19
2023-03-20 17:11:26.779665 [DEBUG  ] [CON] 'Info' received 88 bytes
2023-03-20 17:11:26.779702 [DEBUG  ] [CON] 'Info' received message with type=10 and size=88
2023-03-20 17:11:26.779786 [DEBUG  ] [CON] 'Exec' sent 7 bytes
2023-03-20 17:11:26.779834 [DEBUG  ] [CON] 'Info' received 88 bytes
2023-03-20 17:11:26.779847 [DEBUG  ] [CON] 'Info' received message with type=10 and size=88
2023-03-20 17:11:26.779882 [DEBUG  ] [CON] 'Exec' sent 41 bytes
2023-03-20 17:11:26.780143 [DEBUG  ] [CON] 'Exec' received 19 bytes
2023-03-20 17:11:26.780166 [DEBUG  ] [CON] 'Exec' received message with type=9 and size=19
2023-03-20 17:11:26.780457 [DEBUG  ] [CON] 'Exec' received 19 bytes
2023-03-20 17:11:26.780479 [DEBUG  ] [CON] 'Exec' received message with type=9 and size=19
2023-03-20 17:11:26.780628 [DEBUG  ] [CON] 'Exec' received 19 bytes
2023-03-20 17:11:26.780646 [DEBUG  ] [CON] 'Exec' received message with type=9 and size=19
2023-03-20 17:11:26.780918 [DEBUG  ] [CON] 'Exec' received 19 bytes
2023-03-20 17:11:26.780940 [DEBUG  ] [CON] 'Exec' received message with type=9 and size=19
2023-03-20 17:11:27.063256 [DEBUG  ] [CON] 'Info' received 88 bytes
2023-03-20 17:11:27.063288 [DEBUG  ] [CON] 'Info' received message with type=10 and size=88
2023-03-20 17:11:27.063356 [DEBUG  ] [CON] 'Exec' sent 7 bytes
2023-03-20 17:11:27.063391 [DEBUG  ] [CON] 'Info' received 88 bytes
2023-03-20 17:11:27.063400 [DEBUG  ] [CON] 'Info' received message with type=10 and size=88
2023-03-20 17:11:27.063429 [DEBUG  ] [CON] 'Exec' sent 41 bytes
2023-03-20 17:11:27.070458 [DEBUG  ] [CON] 'Exec' received 19 bytes
2023-03-20 17:11:27.070481 [DEBUG  ] [CON] 'Exec' received message with type=9 and size=19
2023-03-20 17:11:27.071035 [DEBUG  ] [CON] 'Exec' received 19 bytes
2023-03-20 17:11:27.071053 [DEBUG  ] [CON] 'Exec' received message with type=9 and size=19
2023-03-20 17:11:27.071280 [DEBUG  ] [CON] 'Exec' received 19 bytes
2023-03-20 17:11:27.071293 [DEBUG  ] [CON] 'Exec' received message with type=9 and size=19
2023-03-20 17:11:27.071333 [DEBUG  ] [CON] 'Exec' received 19 bytes
2023-03-20 17:11:27.071346 [DEBUG  ] [CON] 'Exec' received message with type=9 and size=19
2023-03-20 17:11:27.166392 [DEBUG  ] [CON] 'Exec' received 15 bytes
2023-03-20 17:11:27.166431 [DEBUG  ] [CON] 'Exec' received message with type=8 and size=15
2023-03-20 17:11:27.166500 [DEBUG  ] [CON] 'Exec' received 19 bytes
2023-03-20 17:11:27.166528 [DEBUG  ] [CON] 'Exec' received message with type=9 and size=19
2023-03-20 17:11:27.166660 [DEBUG  ] [CON] 'Info' received 88 bytes
2023-03-20 17:11:27.166675 [DEBUG  ] [CON] 'Info' received message with type=11 and size=88
2023-03-20 17:11:27.321409 [DEBUG  ] [CON] 'Info' received 88 bytes
2023-03-20 17:11:27.321436 [DEBUG  ] [CON] 'Info' received message with type=11 and size=88
2023-03-20 17:11:27.348340 [DEBUG  ] [CON] 'Info' received 88 bytes
2023-03-20 17:11:27.348368 [DEBUG  ] [CON] 'Info' received message with type=10 and size=88
2023-03-20 17:11:27.348432 [DEBUG  ] [CON] 'Exec' sent 7 bytes
2023-03-20 17:11:27.348460 [DEBUG  ] [CON] 'Info' received 88 bytes
2023-03-20 17:11:27.348467 [DEBUG  ] [CON] 'Info' received message with type=10 and size=88
2023-03-20 17:11:27.348510 [DEBUG  ] [CON] 'Exec' sent 17 bytes
2023-03-20 17:11:27.349236 [DEBUG  ] [CON] 'Exec' received 38 bytes
2023-03-20 17:11:27.349260 [DEBUG  ] [CON] 'Exec' received message with type=9 and size=19
2023-03-20 17:11:27.349270 [DEBUG  ] [CON] 'Exec' received message with type=9 and size=19
2023-03-20 17:11:27.528732 [DEBUG  ] [CON] 'Info' received 88 bytes
2023-03-20 17:11:27.528763 [DEBUG  ] [CON] 'Info' received message with type=10 and size=88
2023-03-20 17:11:27.528831 [DEBUG  ] [CON] 'Exec' sent 7 bytes
2023-03-20 17:11:27.528864 [DEBUG  ] [CON] 'Info' received 88 bytes
2023-03-20 17:11:27.528873 [DEBUG  ] [CON] 'Info' received message with type=10 and size=88
2023-03-20 17:11:27.528957 [DEBUG  ] [CON] 'Exec' sent 41 bytes
2023-03-20 17:11:27.530316 [DEBUG  ] [CON] 'Exec' received 19 bytes
2023-03-20 17:11:27.530335 [DEBUG  ] [CON] 'Exec' received message with type=9 and size=19
2023-03-20 17:11:27.531522 [DEBUG  ] [CON] 'Exec' received 19 bytes
2023-03-20 17:11:27.531540 [DEBUG  ] [CON] 'Exec' received message with type=9 and size=19
2023-03-20 17:11:27.532510 [DEBUG  ] [CON] 'Exec' received 19 bytes
2023-03-20 17:11:27.532528 [DEBUG  ] [CON] 'Exec' received message with type=9 and size=19
2023-03-20 17:11:27.532787 [DEBUG  ] [CON] 'Exec' received 19 bytes
2023-03-20 17:11:27.532805 [DEBUG  ] [CON] 'Exec' received message with type=9 and size=19
2023-03-20 17:11:27.842672 [DEBUG  ] [CON] 'Info' received 88 bytes
2023-03-20 17:11:27.842720 [DEBUG  ] [CON] 'Info' received message with type=10 and size=88
2023-03-20 17:11:27.842811 [DEBUG  ] [CON] 'Exec' sent 7 bytes
2023-03-20 17:11:27.842846 [DEBUG  ] [CON] 'Info' received 88 bytes
2023-03-20 17:11:27.842852 [DEBUG  ] [CON] 'Info' received message with type=10 and size=88
2023-03-20 17:11:27.842905 [DEBUG  ] [CON] 'Exec' sent 41 bytes
2023-03-20 17:11:27.844147 [DEBUG  ] [CON] 'Exec' received 19 bytes
2023-03-20 17:11:27.844163 [DEBUG  ] [CON] 'Exec' received message with type=9 and size=19
2023-03-20 17:11:27.844215 [DEBUG  ] [CON] 'Exec' received 19 bytes
2023-03-20 17:11:27.844226 [DEBUG  ] [CON] 'Exec' received message with type=9 and size=19
2023-03-20 17:11:27.844301 [DEBUG  ] [CON] 'Exec' received 19 bytes
2023-03-20 17:11:27.844315 [DEBUG  ] [CON] 'Exec' received message with type=9 and size=19
2023-03-20 17:11:27.844404 [DEBUG  ] [CON] 'Exec' received 19 bytes
2023-03-20 17:11:27.844419 [DEBUG  ] [CON] 'Exec' received message with type=9 and size=19
2023-03-20 17:11:28.105547 [DEBUG  ] [CON] 'Info' received 88 bytes
2023-03-20 17:11:28.105575 [DEBUG  ] [CON] 'Info' received message with type=10 and size=88
2023-03-20 17:11:28.105602 [DEBUG  ] [CON] 'Info' received 88 bytes
2023-03-20 17:11:28.105608 [DEBUG  ] [CON] 'Info' received message with type=10 and size=88
2023-03-20 17:11:28.340181 [DEBUG  ] [CON] 'Info' received 88 bytes
2023-03-20 17:11:28.340212 [DEBUG  ] [CON] 'Info' received message with type=10 and size=88
2023-03-20 17:11:28.340351 [DEBUG  ] [CON] 'Exec' sent 7 bytes
2023-03-20 17:11:28.340384 [DEBUG  ] [CON] 'Info' received 88 bytes
2023-03-20 17:11:28.340391 [DEBUG  ] [CON] 'Info' received message with type=10 and size=88
2023-03-20 17:11:28.340408 [DEBUG  ] [CON] 'Exec' sent 41 bytes
2023-03-20 17:11:28.340422 [DEBUG  ] [CON] 'Exec' received 19 bytes
2023-03-20 17:11:28.340427 [DEBUG  ] [CON] 'Exec' received message with type=9 and size=19
2023-03-20 17:11:28.340530 [DEBUG  ] [CON] 'Exec' received 19 bytes
2023-03-20 17:11:28.340546 [DEBUG  ] [CON] 'Exec' received message with type=9 and size=19
2023-03-20 17:11:28.340642 [DEBUG  ] [CON] 'Exec' received 19 bytes
2023-03-20 17:11:28.340657 [DEBUG  ] [CON] 'Exec' received message with type=9 and size=19
2023-03-20 17:11:28.340831 [DEBUG  ] [CON] 'Exec' received 19 bytes
2023-03-20 17:11:28.340861 [DEBUG  ] [CON] 'Exec' received message with type=9 and size=19
2023-03-20 17:11:28.564923 [DEBUG  ] [CON] 'Info' received 88 bytes
2023-03-20 17:11:28.564956 [DEBUG  ] [CON] 'Info' received message with type=10 and size=88
2023-03-20 17:11:28.565041 [DEBUG  ] [CON] 'Exec' sent 7 bytes
2023-03-20 17:11:28.565099 [DEBUG  ] [CON] 'Info' received 88 bytes
2023-03-20 17:11:28.565114 [DEBUG  ] [CON] 'Info' received message with type=10 and size=88
2023-03-20 17:11:28.565161 [DEBUG  ] [CON] 'Exec' sent 17 bytes
2023-03-20 17:11:28.567577 [DEBUG  ] [CON] 'Exec' received 19 bytes
2023-03-20 17:11:28.567607 [DEBUG  ] [CON] 'Exec' received message with type=9 and size=19
2023-03-20 17:11:28.567817 [DEBUG  ] [CON] 'Exec' received 19 bytes
2023-03-20 17:11:28.567836 [DEBUG  ] [CON] 'Exec' received message with type=9 and size=19
2023-03-20 17:11:28.857363 [DEBUG  ] [CON] 'Info' received 88 bytes
2023-03-20 17:11:28.857403 [DEBUG  ] [CON] 'Info' received message with type=10 and size=88
2023-03-20 17:11:28.857435 [DEBUG  ] [CON] 'Info' received 88 bytes
2023-03-20 17:11:28.857442 [DEBUG  ] [CON] 'Info' received message with type=10 and size=88
2023-03-20 17:11:29.042930 [DEBUG  ] [CON] 'Info' received 88 bytes
2023-03-20 17:11:29.042965 [DEBUG  ] [CON] 'Info' received message with type=10 and size=88
2023-03-20 17:11:29.043050 [DEBUG  ] [CON] 'Exec' sent 7 bytes
2023-03-20 17:11:29.043082 [DEBUG  ] [CON] 'Info' received 88 bytes
2023-03-20 17:11:29.043092 [DEBUG  ] [CON] 'Info' received message with type=10 and size=88
2023-03-20 17:11:29.043131 [DEBUG  ] [CON] 'Exec' sent 41 bytes
2023-03-20 17:11:29.043935 [DEBUG  ] [CON] 'Exec' received 19 bytes
2023-03-20 17:11:29.043959 [DEBUG  ] [CON] 'Exec' received message with type=9 and size=19
2023-03-20 17:11:29.044155 [DEBUG  ] [CON] 'Exec' received 19 bytes
2023-03-20 17:11:29.044174 [DEBUG  ] [CON] 'Exec' received message with type=9 and size=19
2023-03-20 17:11:29.044430 [DEBUG  ] [CON] 'Exec' received 19 bytes
2023-03-20 17:11:29.044454 [DEBUG  ] [CON] 'Exec' received message with type=9 and size=19
2023-03-20 17:11:29.044533 [DEBUG  ] [CON] 'Exec' received 19 bytes
2023-03-20 17:11:29.044556 [DEBUG  ] [CON] 'Exec' received message with type=9 and size=19
2023-03-20 17:11:29.333061 [DEBUG  ] [CON] 'Info' received 88 bytes
2023-03-20 17:11:29.333094 [DEBUG  ] [CON] 'Info' received message with type=10 and size=88
2023-03-20 17:11:29.333166 [DEBUG  ] [CON] 'Info' received 88 bytes
2023-03-20 17:11:29.333187 [DEBUG  ] [CON] 'Info' received message with type=10 and size=88
2023-03-20 17:11:29.415852 [DEBUG  ] [CON] 'Exec' received 15 bytes
2023-03-20 17:11:29.415881 [DEBUG  ] [CON] 'Exec' received message with type=8 and size=15
2023-03-20 17:11:29.415945 [DEBUG  ] [CON] 'Exec' received 19 bytes
2023-03-20 17:11:29.415972 [DEBUG  ] [CON] 'Exec' received message with type=9 and size=19
2023-03-20 17:11:29.416122 [DEBUG  ] [CON] 'Info' received 88 bytes
2023-03-20 17:11:29.416135 [DEBUG  ] [CON] 'Info' received message with type=11 and size=88
2023-03-20 17:11:29.532157 [DEBUG  ] [CON] 'Info' received 88 bytes
2023-03-20 17:11:29.532187 [DEBUG  ] [CON] 'Info' received message with type=10 and size=88
2023-03-20 17:11:29.532245 [DEBUG  ] [CON] 'Exec' sent 17 bytes
2023-03-20 17:11:29.532258 [DEBUG  ] [CON] 'Info' received 88 bytes
2023-03-20 17:11:29.532263 [DEBUG  ] [CON] 'Info' received message with type=10 and size=88
2023-03-20 17:11:29.532725 [DEBUG  ] [CON] 'Exec' received 34 bytes
2023-03-20 17:11:29.532740 [DEBUG  ] [CON] 'Exec' received message with type=8 and size=15
2023-03-20 17:11:29.532748 [DEBUG  ] [CON] 'Exec' received message with type=9 and size=19
2023-03-20 17:11:29.532859 [DEBUG  ] [CON] 'Exec' received 19 bytes
2023-03-20 17:11:29.532875 [DEBUG  ] [CON] 'Exec' received message with type=9 and size=19
2023-03-20 17:11:29.533025 [DEBUG  ] [CON] 'Info' received 88 bytes
2023-03-20 17:11:29.533051 [DEBUG  ] [CON] 'Info' received message with type=11 and size=88
2023-03-20 17:11:29.830171 [DEBUG  ] [CON] 'Info' received 88 bytes
2023-03-20 17:11:29.830201 [DEBUG  ] [CON] 'Info' received message with type=10 and size=88
2023-03-20 17:11:29.830272 [DEBUG  ] [CON] 'Exec' sent 7 bytes
2023-03-20 17:11:29.830306 [DEBUG  ] [CON] 'Info' received 88 bytes
2023-03-20 17:11:29.830318 [DEBUG  ] [CON] 'Info' received message with type=10 and size=88
2023-03-20 17:11:29.830348 [DEBUG  ] [CON] 'Exec' sent 34 bytes
2023-03-20 17:11:29.830399 [DEBUG  ] [CON] 'Exec' received 19 bytes
2023-03-20 17:11:29.830409 [DEBUG  ] [CON] 'Exec' received message with type=9 and size=19
2023-03-20 17:11:29.830657 [DEBUG  ] [CON] 'Exec' received 19 bytes
2023-03-20 17:11:29.830675 [DEBUG  ] [CON] 'Exec' received message with type=9 and size=19
2023-03-20 17:11:29.830728 [DEBUG  ] [CON] 'Exec' received 19 bytes
2023-03-20 17:11:29.830743 [DEBUG  ] [CON] 'Exec' received message with type=9 and size=19
2023-03-20 17:11:30.089730 [DEBUG  ] [CON] 'Info' received 88 bytes
2023-03-20 17:11:30.089790 [DEBUG  ] [CON] 'Info' received message with type=10 and size=88
2023-03-20 17:11:30.089926 [DEBUG  ] [CON] 'Exec' sent 7 bytes
2023-03-20 17:11:30.090043 [DEBUG  ] [CON] 'Info' received 88 bytes
2023-03-20 17:11:30.090075 [DEBUG  ] [CON] 'Info' received message with type=10 and size=88
2023-03-20 17:11:30.090166 [DEBUG  ] [CON] 'Exec' sent 41 bytes
2023-03-20 17:11:30.094028 [DEBUG  ] [CON] 'Exec' received 19 bytes
2023-03-20 17:11:30.094071 [DEBUG  ] [CON] 'Exec' received message with type=9 and size=19
2023-03-20 17:11:30.094324 [DEBUG  ] [CON] 'Exec' received 19 bytes
2023-03-20 17:11:30.094360 [DEBUG  ] [CON] 'Exec' received message with type=9 and size=19
2023-03-20 17:11:30.094644 [DEBUG  ] [CON] 'Exec' received 19 bytes
2023-03-20 17:11:30.094678 [DEBUG  ] [CON] 'Exec' received message with type=9 and size=19
2023-03-20 17:11:30.094876 [DEBUG  ] [CON] 'Exec' received 19 bytes
2023-03-20 17:11:30.094913 [DEBUG  ] [CON] 'Exec' received message with type=9 and size=19
2023-03-20 17:11:30.276167 [DEBUG  ] [CON] 'Exec' received 15 bytes
2023-03-20 17:11:30.276193 [DEBUG  ] [CON] 'Exec' received message with type=8 and size=15
2023-03-20 17:11:30.276244 [DEBUG  ] [CON] 'Exec' received 19 bytes
2023-03-20 17:11:30.276258 [DEBUG  ] [CON] 'Exec' received message with type=9 and size=19
2023-03-20 17:11:30.276291 [DEBUG  ] [CON] 'Info' received 88 bytes
2023-03-20 17:11:30.276300 [DEBUG  ] [CON] 'Info' received message with type=11 and size=88
2023-03-20 17:11:30.280448 [DEBUG  ] [CON] 'Info' received 88 bytes
2023-03-20 17:11:30.280462 [DEBUG  ] [CON] 'Info' received message with type=10 and size=88
2023-03-20 17:11:30.280511 [DEBUG  ] [CON] 'Exec' sent 17 bytes
2023-03-20 17:11:30.280527 [DEBUG  ] [CON] 'Info' received 88 bytes
2023-03-20 17:11:30.280532 [DEBUG  ] [CON] 'Info' received message with type=10 and size=88
2023-03-20 17:11:30.280694 [DEBUG  ] [CON] 'Exec' received 19 bytes
2023-03-20 17:11:30.280706 [DEBUG  ] [CON] 'Exec' received message with type=9 and size=19
2023-03-20 17:11:30.435200 [DEBUG  ] [CON] 'Info' received 88 bytes
2023-03-20 17:11:30.435225 [DEBUG  ] [CON] 'Info' received message with type=11 and size=88
2023-03-20 17:11:30.435251 [DEBUG  ] [CON] 'Info' received 88 bytes
2023-03-20 17:11:30.435257 [DEBUG  ] [CON] 'Info' received message with type=11 and size=88
2023-03-20 17:11:30.521180 [DEBUG  ] [CON] 'Info' received 88 bytes
2023-03-20 17:11:30.521208 [DEBUG  ] [CON] 'Info' received message with type=11 and size=88
2023-03-20 17:11:30.613354 [DEBUG  ] [CON] 'Info' received 88 bytes
2023-03-20 17:11:30.613390 [DEBUG  ] [CON] 'Info' received message with type=10 and size=88
2023-03-20 17:11:30.613472 [DEBUG  ] [CON] 'Exec' sent 7 bytes
2023-03-20 17:11:30.613516 [DEBUG  ] [CON] 'Info' received 88 bytes
2023-03-20 17:11:30.613528 [DEBUG  ] [CON] 'Info' received message with type=10 and size=88
2023-03-20 17:11:30.613562 [DEBUG  ] [CON] 'Exec' sent 41 bytes
2023-03-20 17:11:30.616066 [DEBUG  ] [CON] 'Exec' received 19 bytes
2023-03-20 17:11:30.616095 [DEBUG  ] [CON] 'Exec' received message with type=9 and size=19
2023-03-20 17:11:30.616160 [DEBUG  ] [CON] 'Exec' received 19 bytes
2023-03-20 17:11:30.616172 [DEBUG  ] [CON] 'Exec' received message with type=9 and size=19
2023-03-20 17:11:30.616280 [DEBUG  ] [CON] 'Exec' received 19 bytes
2023-03-20 17:11:30.616296 [DEBUG  ] [CON] 'Exec' received message with type=9 and size=19
2023-03-20 17:11:30.616406 [DEBUG  ] [CON] 'Exec' received 19 bytes
2023-03-20 17:11:30.616425 [DEBUG  ] [CON] 'Exec' received message with type=9 and size=19
2023-03-20 17:11:30.772963 [DEBUG  ] [CON] 'Info' received 88 bytes
2023-03-20 17:11:30.772992 [DEBUG  ] [CON] 'Info' received message with type=10 and size=88
2023-03-20 17:11:30.773031 [DEBUG  ] [CON] 'Info' received 88 bytes
2023-03-20 17:11:30.773047 [DEBUG  ] [CON] 'Info' received message with type=10 and size=88
2023-03-20 17:11:31.077533 [DEBUG  ] [CON] 'Info' received 88 bytes
2023-03-20 17:11:31.077580 [DEBUG  ] [CON] 'Info' received message with type=10 and size=88
2023-03-20 17:11:31.077680 [DEBUG  ] [CON] 'Exec' sent 7 bytes
2023-03-20 17:11:31.077729 [DEBUG  ] [CON] 'Info' received 88 bytes
2023-03-20 17:11:31.077746 [DEBUG  ] [CON] 'Info' received message with type=10 and size=88
2023-03-20 17:11:31.077788 [DEBUG  ] [CON] 'Exec' sent 41 bytes
2023-03-20 17:11:31.077952 [DEBUG  ] [CON] 'Exec' received 19 bytes
2023-03-20 17:11:31.077989 [DEBUG  ] [CON] 'Exec' received message with type=9 and size=19
2023-03-20 17:11:31.078219 [DEBUG  ] [CON] 'Exec' received 19 bytes
2023-03-20 17:11:31.078253 [DEBUG  ] [CON] 'Exec' received message with type=9 and size=19
2023-03-20 17:11:31.078652 [DEBUG  ] [CON] 'Exec' received 19 bytes
2023-03-20 17:11:31.078687 [DEBUG  ] [CON] 'Exec' received message with type=9 and size=19
2023-03-20 17:11:31.078783 [DEBUG  ] [CON] 'Exec' received 19 bytes
2023-03-20 17:11:31.078815 [DEBUG  ] [CON] 'Exec' received message with type=9 and size=19
2023-03-20 17:11:31.363287 [DEBUG  ] [CON] 'Info' received 88 bytes
2023-03-20 17:11:31.363345 [DEBUG  ] [CON] 'Info' received message with type=10 and size=88
2023-03-20 17:11:31.363401 [DEBUG  ] [CON] 'Info' received 88 bytes
2023-03-20 17:11:31.363419 [DEBUG  ] [CON] 'Info' received message with type=10 and size=88
2023-03-20 17:11:31.558878 [DEBUG  ] [CON] 'Info' received 88 bytes
2023-03-20 17:11:31.558915 [DEBUG  ] [CON] 'Info' received message with type=10 and size=88
2023-03-20 17:11:31.558967 [DEBUG  ] [CON] 'Info' received 88 bytes
2023-03-20 17:11:31.558996 [DEBUG  ] [CON] 'Info' received message with type=10 and size=88
2023-03-20 17:11:31.618254 [DEBUG  ] [CON] 'Exec' received 34 bytes
2023-03-20 17:11:31.618310 [DEBUG  ] [CON] 'Exec' received message with type=8 and size=15
2023-03-20 17:11:31.618335 [DEBUG  ] [CON] 'Exec' received message with type=9 and size=19
2023-03-20 17:11:31.624682 [DEBUG  ] [CON] 'Info' received 88 bytes
2023-03-20 17:11:31.624712 [DEBUG  ] [CON] 'Info' received message with type=11 and size=88
2023-03-20 17:11:31.794852 [DEBUG  ] [CON] 'Info' received 88 bytes
2023-03-20 17:11:31.794899 [DEBUG  ] [CON] 'Info' received message with type=10 and size=88
2023-03-20 17:11:31.795063 [DEBUG  ] [CON] 'Exec' sent 7 bytes
2023-03-20 17:11:31.795139 [DEBUG  ] [CON] 'Info' received 88 bytes
2023-03-20 17:11:31.795162 [DEBUG  ] [CON] 'Info' received message with type=10 and size=88
2023-03-20 17:11:31.795209 [DEBUG  ] [CON] 'Exec' sent 17 bytes
2023-03-20 17:11:31.795510 [DEBUG  ] [CON] 'Exec' received 19 bytes
2023-03-20 17:11:31.795533 [DEBUG  ] [CON] 'Exec' received message with type=9 and size=19
2023-03-20 17:11:31.795890 [DEBUG  ] [CON] 'Exec' received 19 bytes
2023-03-20 17:11:31.795916 [DEBUG  ] [CON] 'Exec' received message with type=9 and size=19
2023-03-20 17:11:32.062908 [DEBUG  ] [CON] 'Info' received 88 bytes
2023-03-20 17:11:32.062937 [DEBUG  ] [CON] 'Info' received message with type=10 and size=88
2023-03-20 17:11:32.062999 [DEBUG  ] [CON] 'Exec' sent 7 bytes
2023-03-20 17:11:32.063036 [DEBUG  ] [CON] 'Info' received 88 bytes
2023-03-20 17:11:32.063049 [DEBUG  ] [CON] 'Info' received message with type=10 and size=88
2023-03-20 17:11:32.063079 [DEBUG  ] [CON] 'Exec' sent 17 bytes
2023-03-20 17:11:32.063103 [DEBUG  ] [CON] 'Exec' received 19 bytes
2023-03-20 17:11:32.063114 [DEBUG  ] [CON] 'Exec' received message with type=9 and size=19
2023-03-20 17:11:32.063394 [DEBUG  ] [CON] 'Exec' received 19 bytes
2023-03-20 17:11:32.063412 [DEBUG  ] [CON] 'Exec' received message with type=9 and size=19
2023-03-20 17:11:32.270298 [DEBUG  ] [CON] 'Info' received 88 bytes
2023-03-20 17:11:32.270334 [DEBUG  ] [CON] 'Info' received message with type=11 and size=88
2023-03-20 17:11:32.322777 [DEBUG  ] [CON] 'Info' received 88 bytes
2023-03-20 17:11:32.322818 [DEBUG  ] [CON] 'Info' received message with type=10 and size=88
2023-03-20 17:11:32.322873 [DEBUG  ] [CON] 'Info' received 88 bytes
2023-03-20 17:11:32.322903 [DEBUG  ] [CON] 'Info' received message with type=10 and size=88
2023-03-20 17:11:32.412720 [DEBUG  ] [CON] 'Info' received 88 bytes
2023-03-20 17:11:32.412754 [DEBUG  ] [CON] 'Info' received message with type=11 and size=88
2023-03-20 17:11:32.539089 [DEBUG  ] [CON] 'Info' received 88 bytes
2023-03-20 17:11:32.539122 [DEBUG  ] [CON] 'Info' received message with type=10 and size=88
2023-03-20 17:11:32.539195 [DEBUG  ] [CON] 'Exec' sent 7 bytes
2023-03-20 17:11:32.539229 [DEBUG  ] [CON] 'Info' received 88 bytes
2023-03-20 17:11:32.539239 [DEBUG  ] [CON] 'Info' received message with type=10 and size=88
2023-03-20 17:11:32.539270 [DEBUG  ] [CON] 'Exec' sent 17 bytes
2023-03-20 17:11:32.539395 [DEBUG  ] [CON] 'Exec' received 19 bytes
2023-03-20 17:11:32.539412 [DEBUG  ] [CON] 'Exec' received message with type=9 and size=19
2023-03-20 17:11:32.539545 [DEBUG  ] [CON] 'Exec' received 19 bytes
2023-03-20 17:11:32.539568 [DEBUG  ] [CON] 'Exec' received message with type=9 and size=19
2023-03-20 17:11:32.706951 [DEBUG  ] [CON] 'Exec' received 34 bytes
2023-03-20 17:11:32.706998 [DEBUG  ] [CON] 'Exec' received message with type=8 and size=15
2023-03-20 17:11:32.707016 [DEBUG  ] [CON] 'Exec' received message with type=9 and size=19
2023-03-20 17:11:32.714013 [DEBUG  ] [CON] 'Info' received 88 bytes
2023-03-20 17:11:32.714038 [DEBUG  ] [CON] 'Info' received message with type=11 and size=88
2023-03-20 17:11:32.865638 [DEBUG  ] [CON] 'Info' received 88 bytes
2023-03-20 17:11:32.865663 [DEBUG  ] [CON] 'Info' received message with type=10 and size=88
2023-03-20 17:11:32.865790 [DEBUG  ] [CON] 'Exec' sent 7 bytes
2023-03-20 17:11:32.865811 [DEBUG  ] [CON] 'Info' received 88 bytes
2023-03-20 17:11:32.865837 [DEBUG  ] [CON] 'Info' received message with type=10 and size=88
2023-03-20 17:11:32.865878 [DEBUG  ] [CON] 'Exec' sent 41 bytes
2023-03-20 17:11:32.866195 [DEBUG  ] [CON] 'Exec' received 19 bytes
2023-03-20 17:11:32.866263 [DEBUG  ] [CON] 'Exec' received message with type=9 and size=19
2023-03-20 17:11:32.866435 [DEBUG  ] [CON] 'Exec' received 19 bytes
2023-03-20 17:11:32.866447 [DEBUG  ] [CON] 'Exec' received message with type=9 and size=19
2023-03-20 17:11:32.866596 [DEBUG  ] [CON] 'Exec' received 19 bytes
2023-03-20 17:11:32.866643 [DEBUG  ] [CON] 'Exec' received message with type=9 and size=19
2023-03-20 17:11:32.866678 [DEBUG  ] [CON] 'Exec' received 19 bytes
2023-03-20 17:11:32.866688 [DEBUG  ] [CON] 'Exec' received message with type=9 and size=19
2023-03-20 17:11:33.041028 [DEBUG  ] [CON] 'Info' received 88 bytes
2023-03-20 17:11:33.041067 [DEBUG  ] [CON] 'Info' received message with type=10 and size=88
2023-03-20 17:11:33.041123 [DEBUG  ] [CON] 'Info' received 88 bytes
2023-03-20 17:11:33.041151 [DEBUG  ] [CON] 'Info' received message with type=10 and size=88
2023-03-20 17:11:33.302652 [DEBUG  ] [CON] 'Info' received 88 bytes
2023-03-20 17:11:33.302686 [DEBUG  ] [CON] 'Info' received message with type=10 and size=88
2023-03-20 17:11:33.302745 [DEBUG  ] [CON] 'Info' received 88 bytes
2023-03-20 17:11:33.302756 [DEBUG  ] [CON] 'Info' received message with type=10 and size=88
2023-03-20 17:11:33.547793 [DEBUG  ] [CON] 'Info' received 88 bytes
2023-03-20 17:11:33.547821 [DEBUG  ] [CON] 'Info' received message with type=10 and size=88
2023-03-20 17:11:33.547856 [DEBUG  ] [CON] 'Info' received 88 bytes
2023-03-20 17:11:33.547871 [DEBUG  ] [CON] 'Info' received message with type=10 and size=88
2023-03-20 17:11:33.800376 [DEBUG  ] [CON] 'Info' received 88 bytes
2023-03-20 17:11:33.800422 [DEBUG  ] [CON] 'Info' received message with type=10 and size=88
2023-03-20 17:11:33.800448 [DEBUG  ] [CON] 'Info' received 88 bytes
2023-03-20 17:11:33.800455 [DEBUG  ] [CON] 'Info' received message with type=10 and size=88
2023-03-20 17:11:34.060851 [DEBUG  ] [CON] 'Info' received 88 bytes
2023-03-20 17:11:34.060887 [DEBUG  ] [CON] 'Info' received message with type=10 and size=88
2023-03-20 17:11:34.060920 [DEBUG  ] [CON] 'Info' received 88 bytes
2023-03-20 17:11:34.060929 [DEBUG  ] [CON] 'Info' received message with type=10 and size=88
2023-03-20 17:11:34.277284 [DEBUG  ] [CON] 'Info' received 88 bytes
2023-03-20 17:11:34.277318 [DEBUG  ] [CON] 'Info' received message with type=10 and size=88
2023-03-20 17:11:34.277370 [DEBUG  ] [CON] 'Info' received 88 bytes
2023-03-20 17:11:34.277396 [DEBUG  ] [CON] 'Info' received message with type=10 and size=88
2023-03-20 17:11:34.605891 [DEBUG  ] [CON] 'Info' received 88 bytes
2023-03-20 17:11:34.605925 [DEBUG  ] [CON] 'Info' received message with type=10 and size=88
2023-03-20 17:11:34.605998 [DEBUG  ] [CON] 'Exec' sent 7 bytes
2023-03-20 17:11:34.606022 [DEBUG  ] [CON] 'Info' received 88 bytes
2023-03-20 17:11:34.606030 [DEBUG  ] [CON] 'Info' received message with type=10 and size=88
2023-03-20 17:11:34.606058 [DEBUG  ] [CON] 'Exec' sent 17 bytes
2023-03-20 17:11:34.610490 [DEBUG  ] [CON] 'Exec' received 19 bytes
2023-03-20 17:11:34.610509 [DEBUG  ] [CON] 'Exec' received message with type=9 and size=19
2023-03-20 17:11:34.610681 [DEBUG  ] [CON] 'Exec' received 19 bytes
2023-03-20 17:11:34.610697 [DEBUG  ] [CON] 'Exec' received message with type=9 and size=19
2023-03-20 17:11:34.799592 [DEBUG  ] [CON] 'Info' received 88 bytes
2023-03-20 17:11:34.799650 [DEBUG  ] [CON] 'Info' received message with type=10 and size=88
2023-03-20 17:11:34.799756 [DEBUG  ] [CON] 'Info' received 88 bytes
2023-03-20 17:11:34.799777 [DEBUG  ] [CON] 'Info' received message with type=10 and size=88
2023-03-20 17:11:35.007833 [DEBUG  ] [CON] 'Exec' received 34 bytes
2023-03-20 17:11:35.007866 [DEBUG  ] [CON] 'Exec' received message with type=8 and size=15
2023-03-20 17:11:35.007879 [DEBUG  ] [CON] 'Exec' received message with type=9 and size=19
2023-03-20 17:11:35.008028 [DEBUG  ] [CON] 'Info' received 88 bytes
2023-03-20 17:11:35.008044 [DEBUG  ] [CON] 'Info' received message with type=11 and size=88
2023-03-20 17:11:35.076334 [DEBUG  ] [CON] 'Info' received 88 bytes
2023-03-20 17:11:35.076364 [DEBUG  ] [CON] 'Info' received message with type=10 and size=88
2023-03-20 17:11:35.076424 [DEBUG  ] [CON] 'Exec' sent 17 bytes
2023-03-20 17:11:35.076441 [DEBUG  ] [CON] 'Info' received 88 bytes
2023-03-20 17:11:35.076449 [DEBUG  ] [CON] 'Info' received message with type=10 and size=88
2023-03-20 17:11:35.076646 [DEBUG  ] [CON] 'Exec' received 19 bytes
2023-03-20 17:11:35.076667 [DEBUG  ] [CON] 'Exec' received message with type=9 and size=19
2023-03-20 17:11:35.170228 [DEBUG  ] [CON] 'Info' received 88 bytes
2023-03-20 17:11:35.170261 [DEBUG  ] [CON] 'Info' received message with type=11 and size=88
2023-03-20 17:11:35.317875 [DEBUG  ] [CON] 'Info' received 88 bytes
2023-03-20 17:11:35.317899 [DEBUG  ] [CON] 'Info' received message with type=10 and size=88
2023-03-20 17:11:35.317927 [DEBUG  ] [CON] 'Info' received 88 bytes
2023-03-20 17:11:35.317934 [DEBUG  ] [CON] 'Info' received message with type=10 and size=88
2023-03-20 17:11:35.548632 [DEBUG  ] [CON] 'Info' received 88 bytes
2023-03-20 17:11:35.548671 [DEBUG  ] [CON] 'Info' received message with type=10 and size=88
2023-03-20 17:11:35.548723 [DEBUG  ] [CON] 'Info' received 88 bytes
2023-03-20 17:11:35.548756 [DEBUG  ] [CON] 'Info' received message with type=10 and size=88
2023-03-20 17:11:35.770866 [DEBUG  ] [CON] 'Info' received 88 bytes
2023-03-20 17:11:35.770911 [DEBUG  ] [CON] 'Info' received message with type=10 and size=88
2023-03-20 17:11:35.770957 [DEBUG  ] [CON] 'Info' received 88 bytes
2023-03-20 17:11:35.770971 [DEBUG  ] [CON] 'Info' received message with type=10 and size=88
2023-03-20 17:11:35.976293 [DEBUG  ] [CON] 'Exec' received 34 bytes
2023-03-20 17:11:35.976329 [DEBUG  ] [CON] 'Exec' received message with type=8 and size=15
2023-03-20 17:11:35.976345 [DEBUG  ] [CON] 'Exec' received message with type=9 and size=19
2023-03-20 17:11:35.976485 [DEBUG  ] [CON] 'Info' received 88 bytes
2023-03-20 17:11:35.976504 [DEBUG  ] [CON] 'Info' received message with type=11 and size=88
2023-03-20 17:11:36.087819 [DEBUG  ] [CON] 'Info' received 88 bytes
2023-03-20 17:11:36.087850 [DEBUG  ] [CON] 'Info' received message with type=10 and size=88
2023-03-20 17:11:36.087926 [DEBUG  ] [CON] 'Exec' sent 7 bytes
2023-03-20 17:11:36.087995 [DEBUG  ] [CON] 'Info' received 88 bytes
2023-03-20 17:11:36.088012 [DEBUG  ] [CON] 'Info' received message with type=10 and size=88
2023-03-20 17:11:36.088047 [DEBUG  ] [CON] 'Exec' sent 34 bytes
2023-03-20 17:11:36.088772 [DEBUG  ] [CON] 'Exec' received 19 bytes
2023-03-20 17:11:36.088791 [DEBUG  ] [CON] 'Exec' received message with type=9 and size=19
2023-03-20 17:11:36.089040 [DEBUG  ] [CON] 'Exec' received 19 bytes
2023-03-20 17:11:36.089058 [DEBUG  ] [CON] 'Exec' received message with type=9 and size=19
2023-03-20 17:11:36.089171 [DEBUG  ] [CON] 'Exec' received 15 bytes
2023-03-20 17:11:36.089190 [DEBUG  ] [CON] 'Exec' received message with type=8 and size=15
2023-03-20 17:11:36.089226 [DEBUG  ] [CON] 'Exec' received 19 bytes
2023-03-20 17:11:36.089239 [DEBUG  ] [CON] 'Exec' received message with type=9 and size=19
2023-03-20 17:11:36.089333 [DEBUG  ] [CON] 'Info' received 88 bytes
2023-03-20 17:11:36.089345 [DEBUG  ] [CON] 'Info' received message with type=11 and size=88
2023-03-20 17:11:36.305005 [DEBUG  ] [CON] 'Info' received 88 bytes
2023-03-20 17:11:36.305054 [DEBUG  ] [CON] 'Info' received message with type=10 and size=88
2023-03-20 17:11:36.305155 [DEBUG  ] [CON] 'Exec' sent 7 bytes
2023-03-20 17:11:36.305217 [DEBUG  ] [CON] 'Info' received 88 bytes
2023-03-20 17:11:36.305225 [DEBUG  ] [CON] 'Info' received message with type=10 and size=88
2023-03-20 17:11:36.305252 [DEBUG  ] [CON] 'Exec' sent 17 bytes
2023-03-20 17:11:36.306858 [DEBUG  ] [CON] 'Exec' received 19 bytes
2023-03-20 17:11:36.306880 [DEBUG  ] [CON] 'Exec' received message with type=9 and size=19
2023-03-20 17:11:36.307530 [DEBUG  ] [CON] 'Exec' received 19 bytes
2023-03-20 17:11:36.307580 [DEBUG  ] [CON] 'Exec' received message with type=9 and size=19
2023-03-20 17:11:36.416039 [DEBUG  ] [CON] 'Info' received 88 bytes
2023-03-20 17:11:36.416068 [DEBUG  ] [CON] 'Info' received message with type=11 and size=88
2023-03-20 17:11:36.534180 [DEBUG  ] [CON] 'Info' received 88 bytes
2023-03-20 17:11:36.534209 [DEBUG  ] [CON] 'Info' received message with type=10 and size=88
2023-03-20 17:11:36.534237 [DEBUG  ] [CON] 'Info' received 88 bytes
2023-03-20 17:11:36.534244 [DEBUG  ] [CON] 'Info' received message with type=10 and size=88
2023-03-20 17:11:36.568823 [DEBUG  ] [CON] 'Info' received 88 bytes
2023-03-20 17:11:36.568849 [DEBUG  ] [CON] 'Info' received message with type=11 and size=88
2023-03-20 17:11:36.808589 [DEBUG  ] [CON] 'Info' received 88 bytes
2023-03-20 17:11:36.808617 [DEBUG  ] [CON] 'Info' received message with type=10 and size=88
2023-03-20 17:11:36.808649 [DEBUG  ] [CON] 'Info' received 88 bytes
2023-03-20 17:11:36.808658 [DEBUG  ] [CON] 'Info' received message with type=10 and size=88
2023-03-20 17:11:37.062773 [DEBUG  ] [CON] 'Info' received 88 bytes
2023-03-20 17:11:37.062802 [DEBUG  ] [CON] 'Info' received message with type=11 and size=88
2023-03-20 17:11:37.110279 [DEBUG  ] [CON] 'Info' received 88 bytes
2023-03-20 17:11:37.110303 [DEBUG  ] [CON] 'Info' received message with type=10 and size=88
2023-03-20 17:11:37.110334 [DEBUG  ] [CON] 'Info' received 88 bytes
2023-03-20 17:11:37.110343 [DEBUG  ] [CON] 'Info' received message with type=10 and size=88
2023-03-20 17:11:37.233900 [DEBUG  ] [CON] 'Info' received 88 bytes
2023-03-20 17:11:37.233926 [DEBUG  ] [CON] 'Info' received message with type=11 and size=88
2023-03-20 17:11:37.233952 [DEBUG  ] [CON] 'Info' received 88 bytes
2023-03-20 17:11:37.233958 [DEBUG  ] [CON] 'Info' received message with type=11 and size=88
2023-03-20 17:11:37.284300 [DEBUG  ] [CON] 'Info' received 88 bytes
2023-03-20 17:11:37.284323 [DEBUG  ] [CON] 'Info' received message with type=10 and size=88
2023-03-20 17:11:37.284380 [DEBUG  ] [CON] 'Exec' sent 7 bytes
2023-03-20 17:11:37.284402 [DEBUG  ] [CON] 'Info' received 88 bytes
2023-03-20 17:11:37.284410 [DEBUG  ] [CON] 'Info' received message with type=10 and size=88
2023-03-20 17:11:37.284435 [DEBUG  ] [CON] 'Exec' sent 17 bytes
2023-03-20 17:11:37.285651 [DEBUG  ] [CON] 'Exec' received 19 bytes
2023-03-20 17:11:37.285669 [DEBUG  ] [CON] 'Exec' received message with type=9 and size=19
2023-03-20 17:11:37.285835 [DEBUG  ] [CON] 'Exec' received 19 bytes
2023-03-20 17:11:37.285850 [DEBUG  ] [CON] 'Exec' received message with type=9 and size=19
2023-03-20 17:11:37.552533 [DEBUG  ] [CON] 'Info' received 88 bytes
2023-03-20 17:11:37.552563 [DEBUG  ] [CON] 'Info' received message with type=10 and size=88
2023-03-20 17:11:37.552625 [DEBUG  ] [CON] 'Exec' sent 7 bytes
2023-03-20 17:11:37.552649 [DEBUG  ] [CON] 'Info' received 88 bytes
2023-03-20 17:11:37.552657 [DEBUG  ] [CON] 'Info' received message with type=10 and size=88
2023-03-20 17:11:37.552682 [DEBUG  ] [CON] 'Exec' sent 17 bytes
2023-03-20 17:11:37.553764 [DEBUG  ] [CON] 'Exec' received 19 bytes
2023-03-20 17:11:37.553784 [DEBUG  ] [CON] 'Exec' received message with type=9 and size=19
2023-03-20 17:11:37.554553 [DEBUG  ] [CON] 'Exec' received 19 bytes
2023-03-20 17:11:37.554573 [DEBUG  ] [CON] 'Exec' received message with type=9 and size=19
2023-03-20 17:11:37.827651 [DEBUG  ] [CON] 'Info' received 88 bytes
2023-03-20 17:11:37.827680 [DEBUG  ] [CON] 'Info' received message with type=10 and size=88
2023-03-20 17:11:37.827708 [DEBUG  ] [CON] 'Info' received 88 bytes
2023-03-20 17:11:37.827717 [DEBUG  ] [CON] 'Info' received message with type=10 and size=88
2023-03-20 17:11:38.078947 [DEBUG  ] [CON] 'Info' received 88 bytes
2023-03-20 17:11:38.078989 [DEBUG  ] [CON] 'Info' received message with type=10 and size=88
2023-03-20 17:11:38.079089 [DEBUG  ] [CON] 'Exec' sent 7 bytes
2023-03-20 17:11:38.079145 [DEBUG  ] [CON] 'Info' received 88 bytes
2023-03-20 17:11:38.079159 [DEBUG  ] [CON] 'Info' received message with type=10 and size=88
2023-03-20 17:11:38.079198 [DEBUG  ] [CON] 'Exec' sent 17 bytes
2023-03-20 17:11:38.081307 [DEBUG  ] [CON] 'Exec' received 19 bytes
2023-03-20 17:11:38.081335 [DEBUG  ] [CON] 'Exec' received message with type=9 and size=19
2023-03-20 17:11:38.081681 [DEBUG  ] [CON] 'Exec' received 19 bytes
2023-03-20 17:11:38.081703 [DEBUG  ] [CON] 'Exec' received message with type=9 and size=19
2023-03-20 17:11:38.170621 [DEBUG  ] [CON] 'Info' received 88 bytes
2023-03-20 17:11:38.170654 [DEBUG  ] [CON] 'Info' received message with type=11 and size=88
2023-03-20 17:11:38.347144 [DEBUG  ] [CON] 'Info' received 88 bytes
2023-03-20 17:11:38.347179 [DEBUG  ] [CON] 'Info' received message with type=10 and size=88
2023-03-20 17:11:38.347226 [DEBUG  ] [CON] 'Info' received 88 bytes
2023-03-20 17:11:38.347241 [DEBUG  ] [CON] 'Info' received message with type=10 and size=88
2023-03-20 17:11:38.367648 [DEBUG  ] [CON] 'Info' received 88 bytes
2023-03-20 17:11:38.367677 [DEBUG  ] [CON] 'Info' received message with type=11 and size=88
2023-03-20 17:11:38.553573 [DEBUG  ] [CON] 'Info' received 88 bytes
2023-03-20 17:11:38.553619 [DEBUG  ] [CON] 'Info' received message with type=10 and size=88
2023-03-20 17:11:38.553750 [DEBUG  ] [CON] 'Exec' sent 7 bytes
2023-03-20 17:11:38.553818 [DEBUG  ] [CON] 'Info' received 88 bytes
2023-03-20 17:11:38.553836 [DEBUG  ] [CON] 'Info' received message with type=10 and size=88
2023-03-20 17:11:38.553897 [DEBUG  ] [CON] 'Exec' sent 17 bytes
2023-03-20 17:11:38.554409 [DEBUG  ] [CON] 'Exec' received 19 bytes
2023-03-20 17:11:38.554435 [DEBUG  ] [CON] 'Exec' received message with type=9 and size=19
2023-03-20 17:11:38.554854 [DEBUG  ] [CON] 'Exec' received 19 bytes
2023-03-20 17:11:38.554882 [DEBUG  ] [CON] 'Exec' received message with type=9 and size=19
2023-03-20 17:11:38.812482 [DEBUG  ] [CON] 'Info' received 88 bytes
2023-03-20 17:11:38.812541 [DEBUG  ] [CON] 'Info' received message with type=10 and size=88
2023-03-20 17:11:38.812597 [DEBUG  ] [CON] 'Info' received 88 bytes
2023-03-20 17:11:38.812616 [DEBUG  ] [CON] 'Info' received message with type=10 and size=88
2023-03-20 17:11:38.946703 [DEBUG  ] [CON] 'Info' received 88 bytes
2023-03-20 17:11:38.946726 [DEBUG  ] [CON] 'Info' received message with type=11 and size=88
2023-03-20 17:11:39.077790 [DEBUG  ] [CON] 'Info' received 88 bytes
2023-03-20 17:11:39.077849 [DEBUG  ] [CON] 'Info' received message with type=10 and size=88
2023-03-20 17:11:39.078006 [DEBUG  ] [CON] 'Exec' sent 7 bytes
2023-03-20 17:11:39.078106 [DEBUG  ] [CON] 'Info' received 88 bytes
2023-03-20 17:11:39.078137 [DEBUG  ] [CON] 'Info' received message with type=10 and size=88
2023-03-20 17:11:39.078210 [DEBUG  ] [CON] 'Exec' sent 17 bytes
2023-03-20 17:11:39.080529 [DEBUG  ] [CON] 'Exec' received 19 bytes
2023-03-20 17:11:39.080564 [DEBUG  ] [CON] 'Exec' received message with type=9 and size=19
2023-03-20 17:11:39.081585 [DEBUG  ] [CON] 'Exec' received 19 bytes
2023-03-20 17:11:39.081621 [DEBUG  ] [CON] 'Exec' received message with type=9 and size=19
2023-03-20 17:11:39.268766 [DEBUG  ] [CON] 'Info' received 88 bytes
2023-03-20 17:11:39.268814 [DEBUG  ] [CON] 'Info' received message with type=11 and size=88
2023-03-20 17:11:39.292835 [DEBUG  ] [CON] 'Info' received 88 bytes
2023-03-20 17:11:39.292889 [DEBUG  ] [CON] 'Info' received message with type=10 and size=88
2023-03-20 17:11:39.292968 [DEBUG  ] [CON] 'Info' received 88 bytes
2023-03-20 17:11:39.293017 [DEBUG  ] [CON] 'Info' received message with type=10 and size=88
2023-03-20 17:11:39.380803 [DEBUG  ] [CON] 'Info' received 88 bytes
2023-03-20 17:11:39.380828 [DEBUG  ] [CON] 'Info' received message with type=11 and size=88
2023-03-20 17:11:39.532221 [DEBUG  ] [CON] 'Info' received 88 bytes
2023-03-20 17:11:39.532258 [DEBUG  ] [CON] 'Info' received message with type=10 and size=88
2023-03-20 17:11:39.532336 [DEBUG  ] [CON] 'Exec' sent 7 bytes
2023-03-20 17:11:39.532372 [DEBUG  ] [CON] 'Info' received 88 bytes
2023-03-20 17:11:39.532389 [DEBUG  ] [CON] 'Info' received message with type=10 and size=88
2023-03-20 17:11:39.532424 [DEBUG  ] [CON] 'Exec' sent 17 bytes
2023-03-20 17:11:39.533321 [DEBUG  ] [CON] 'Exec' received 19 bytes
2023-03-20 17:11:39.533349 [DEBUG  ] [CON] 'Exec' received message with type=9 and size=19
2023-03-20 17:11:39.533965 [DEBUG  ] [CON] 'Exec' received 19 bytes
2023-03-20 17:11:39.533991 [DEBUG  ] [CON] 'Exec' received message with type=9 and size=19
2023-03-20 17:11:39.707947 [DEBUG  ] [CON] 'Info' received 88 bytes
2023-03-20 17:11:39.707975 [DEBUG  ] [CON] 'Info' received message with type=11 and size=88
2023-03-20 17:11:39.814475 [DEBUG  ] [CON] 'Info' received 88 bytes
2023-03-20 17:11:39.814532 [DEBUG  ] [CON] 'Info' received message with type=10 and size=88
2023-03-20 17:11:39.814648 [DEBUG  ] [CON] 'Info' received 88 bytes
2023-03-20 17:11:39.814703 [DEBUG  ] [CON] 'Info' received message with type=10 and size=88
2023-03-20 17:11:40.013911 [DEBUG  ] [CON] 'Info' received 88 bytes
2023-03-20 17:11:40.013934 [DEBUG  ] [CON] 'Info' received message with type=11 and size=88
2023-03-20 17:11:40.041458 [DEBUG  ] [CON] 'Info' received 88 bytes
2023-03-20 17:11:40.041498 [DEBUG  ] [CON] 'Info' received message with type=10 and size=88
2023-03-20 17:11:40.041602 [DEBUG  ] [CON] 'Exec' sent 7 bytes
2023-03-20 17:11:40.041651 [DEBUG  ] [CON] 'Info' received 88 bytes
2023-03-20 17:11:40.041666 [DEBUG  ] [CON] 'Info' received message with type=10 and size=88
2023-03-20 17:11:40.041708 [DEBUG  ] [CON] 'Exec' sent 17 bytes
2023-03-20 17:11:40.052808 [DEBUG  ] [CON] 'Exec' received 19 bytes
2023-03-20 17:11:40.052832 [DEBUG  ] [CON] 'Exec' received message with type=9 and size=19
2023-03-20 17:11:40.054944 [DEBUG  ] [CON] 'Exec' received 19 bytes
2023-03-20 17:11:40.054965 [DEBUG  ] [CON] 'Exec' received message with type=9 and size=19
2023-03-20 17:11:40.055000 [DEBUG  ] [CON] 'Info' received 88 bytes
2023-03-20 17:11:40.055011 [DEBUG  ] [CON] 'Info' received message with type=11 and size=88
2023-03-20 17:11:40.365071 [DEBUG  ] [CON] 'Info' received 88 bytes
2023-03-20 17:11:40.365117 [DEBUG  ] [CON] 'Info' received message with type=10 and size=88
2023-03-20 17:11:40.365184 [DEBUG  ] [CON] 'Info' received 88 bytes
2023-03-20 17:11:40.365222 [DEBUG  ] [CON] 'Info' received message with type=10 and size=88
2023-03-20 17:11:40.592084 [DEBUG  ] [CON] 'Info' received 88 bytes
2023-03-20 17:11:40.592143 [DEBUG  ] [CON] 'Info' received message with type=10 and size=88
2023-03-20 17:11:40.592299 [DEBUG  ] [CON] 'Exec' sent 7 bytes
2023-03-20 17:11:40.592394 [DEBUG  ] [CON] 'Info' received 88 bytes
2023-03-20 17:11:40.592420 [DEBUG  ] [CON] 'Info' received message with type=10 and size=88
2023-03-20 17:11:40.592483 [DEBUG  ] [CON] 'Exec' sent 17 bytes
2023-03-20 17:11:40.596145 [DEBUG  ] [CON] 'Exec' received 19 bytes
2023-03-20 17:11:40.596180 [DEBUG  ] [CON] 'Exec' received message with type=9 and size=19
2023-03-20 17:11:40.596729 [DEBUG  ] [CON] 'Exec' received 15 bytes
2023-03-20 17:11:40.596762 [DEBUG  ] [CON] 'Exec' received message with type=8 and size=15
2023-03-20 17:11:40.596898 [DEBUG  ] [CON] 'Exec' received 19 bytes
2023-03-20 17:11:40.596924 [DEBUG  ] [CON] 'Exec' received message with type=9 and size=19
2023-03-20 17:11:40.597016 [DEBUG  ] [CON] 'Info' received 88 bytes
2023-03-20 17:11:40.597050 [DEBUG  ] [CON] 'Info' received message with type=11 and size=88
2023-03-20 17:11:40.665466 [DEBUG  ] [CON] 'Info' received 88 bytes
2023-03-20 17:11:40.665525 [DEBUG  ] [CON] 'Info' received message with type=11 and size=88
2023-03-20 17:11:40.779172 [DEBUG  ] [CON] 'Info' received 88 bytes
2023-03-20 17:11:40.779201 [DEBUG  ] [CON] 'Info' received message with type=11 and size=88
2023-03-20 17:11:40.817686 [DEBUG  ] [CON] 'Info' received 88 bytes
2023-03-20 17:11:40.817729 [DEBUG  ] [CON] 'Info' received message with type=10 and size=88
2023-03-20 17:11:40.817846 [DEBUG  ] [CON] 'Exec' sent 17 bytes
2023-03-20 17:11:40.817919 [DEBUG  ] [CON] 'Info' received 88 bytes
2023-03-20 17:11:40.817938 [DEBUG  ] [CON] 'Info' received message with type=10 and size=88
2023-03-20 17:11:40.818000 [DEBUG  ] [CON] 'Exec' sent 17 bytes
2023-03-20 17:11:40.818358 [DEBUG  ] [CON] 'Exec' received 19 bytes
2023-03-20 17:11:40.818430 [DEBUG  ] [CON] 'Exec' received message with type=9 and size=19
2023-03-20 17:11:40.818523 [DEBUG  ] [CON] 'Exec' received 19 bytes
2023-03-20 17:11:40.818544 [DEBUG  ] [CON] 'Exec' received message with type=9 and size=19
2023-03-20 17:11:41.111540 [DEBUG  ] [CON] 'Info' received 88 bytes
2023-03-20 17:11:41.111568 [DEBUG  ] [CON] 'Info' received message with type=10 and size=88
2023-03-20 17:11:41.111606 [DEBUG  ] [CON] 'Info' received 88 bytes
2023-03-20 17:11:41.111623 [DEBUG  ] [CON] 'Info' received message with type=10 and size=88
2023-03-20 17:11:41.281213 [DEBUG  ] [CON] 'Info' received 88 bytes
2023-03-20 17:11:41.281249 [DEBUG  ] [CON] 'Info' received message with type=10 and size=88
2023-03-20 17:11:41.281306 [DEBUG  ] [CON] 'Info' received 88 bytes
2023-03-20 17:11:41.281366 [DEBUG  ] [CON] 'Info' received message with type=10 and size=88
2023-03-20 17:11:41.608416 [DEBUG  ] [CON] 'Info' received 88 bytes
2023-03-20 17:11:41.608450 [DEBUG  ] [CON] 'Info' received message with type=10 and size=88
2023-03-20 17:11:41.608497 [DEBUG  ] [CON] 'Info' received 88 bytes
2023-03-20 17:11:41.608518 [DEBUG  ] [CON] 'Info' received message with type=10 and size=88
2023-03-20 17:11:41.802364 [DEBUG  ] [CON] 'Info' received 88 bytes
2023-03-20 17:11:41.802411 [DEBUG  ] [CON] 'Info' received message with type=10 and size=88
2023-03-20 17:11:41.802479 [DEBUG  ] [CON] 'Info' received 88 bytes
2023-03-20 17:11:41.802515 [DEBUG  ] [CON] 'Info' received message with type=10 and size=88
2023-03-20 17:11:42.115931 [DEBUG  ] [CON] 'Info' received 88 bytes
2023-03-20 17:11:42.115960 [DEBUG  ] [CON] 'Info' received message with type=10 and size=88
2023-03-20 17:11:42.115997 [DEBUG  ] [CON] 'Info' received 88 bytes
2023-03-20 17:11:42.116016 [DEBUG  ] [CON] 'Info' received message with type=10 and size=88
2023-03-20 17:11:42.281282 [DEBUG  ] [CON] 'Info' received 88 bytes
2023-03-20 17:11:42.281310 [DEBUG  ] [CON] 'Info' received message with type=10 and size=88
2023-03-20 17:11:42.281339 [DEBUG  ] [CON] 'Info' received 88 bytes
2023-03-20 17:11:42.281353 [DEBUG  ] [CON] 'Info' received message with type=10 and size=88
2023-03-20 17:11:42.521293 [DEBUG  ] [CON] 'Info' received 88 bytes
2023-03-20 17:11:42.521319 [DEBUG  ] [CON] 'Info' received message with type=10 and size=88
2023-03-20 17:11:42.521351 [DEBUG  ] [CON] 'Info' received 88 bytes
2023-03-20 17:11:42.521363 [DEBUG  ] [CON] 'Info' received message with type=10 and size=88
2023-03-20 17:11:42.778827 [DEBUG  ] [CON] 'Info' received 88 bytes
2023-03-20 17:11:42.778873 [DEBUG  ] [CON] 'Info' received message with type=10 and size=88
2023-03-20 17:11:42.778940 [DEBUG  ] [CON] 'Info' received 88 bytes
2023-03-20 17:11:42.778977 [DEBUG  ] [CON] 'Info' received message with type=10 and size=88
2023-03-20 17:11:42.957671 [DEBUG  ] [CON] 'Info' received 88 bytes
2023-03-20 17:11:42.957710 [DEBUG  ] [CON] 'Info' received message with type=11 and size=88
2023-03-20 17:11:43.040344 [DEBUG  ] [CON] 'Info' received 88 bytes
2023-03-20 17:11:43.040381 [DEBUG  ] [CON] 'Info' received message with type=10 and size=88
2023-03-20 17:11:43.040432 [DEBUG  ] [CON] 'Info' received 88 bytes
2023-03-20 17:11:43.040461 [DEBUG  ] [CON] 'Info' received message with type=10 and size=88
2023-03-20 17:11:43.332954 [DEBUG  ] [CON] 'Info' received 88 bytes
2023-03-20 17:11:43.332988 [DEBUG  ] [CON] 'Info' received message with type=10 and size=88
2023-03-20 17:11:43.333048 [DEBUG  ] [CON] 'Info' received 88 bytes
2023-03-20 17:11:43.333070 [DEBUG  ] [CON] 'Info' received message with type=10 and size=88
2023-03-20 17:11:43.409753 [DEBUG  ] [CON] 'Exec' received 15 bytes
2023-03-20 17:11:43.409782 [DEBUG  ] [CON] 'Exec' received message with type=8 and size=15
2023-03-20 17:11:43.409853 [DEBUG  ] [CON] 'Exec' received 19 bytes
2023-03-20 17:11:43.409867 [DEBUG  ] [CON] 'Exec' received message with type=9 and size=19
2023-03-20 17:11:43.410168 [DEBUG  ] [CON] 'Info' received 88 bytes
2023-03-20 17:11:43.410187 [DEBUG  ] [CON] 'Info' received message with type=11 and size=88
2023-03-20 17:11:43.584365 [DEBUG  ] [CON] 'Info' received 88 bytes
2023-03-20 17:11:43.584394 [DEBUG  ] [CON] 'Info' received message with type=10 and size=88
2023-03-20 17:11:43.584457 [DEBUG  ] [CON] 'Exec' sent 17 bytes
2023-03-20 17:11:43.584472 [DEBUG  ] [CON] 'Info' received 88 bytes
2023-03-20 17:11:43.584478 [DEBUG  ] [CON] 'Info' received message with type=10 and size=88
2023-03-20 17:11:43.584719 [DEBUG  ] [CON] 'Exec' received 19 bytes
2023-03-20 17:11:43.584734 [DEBUG  ] [CON] 'Exec' received message with type=9 and size=19
2023-03-20 17:11:43.799866 [DEBUG  ] [CON] 'Info' received 88 bytes
2023-03-20 17:11:43.799902 [DEBUG  ] [CON] 'Info' received message with type=10 and size=88
2023-03-20 17:11:43.799955 [DEBUG  ] [CON] 'Info' received 88 bytes
2023-03-20 17:11:43.799984 [DEBUG  ] [CON] 'Info' received message with type=10 and size=88
2023-03-20 17:11:44.068206 [DEBUG  ] [CON] 'Info' received 88 bytes
2023-03-20 17:11:44.068238 [DEBUG  ] [CON] 'Info' received message with type=11 and size=88
2023-03-20 17:11:44.069595 [DEBUG  ] [CON] 'Info' received 88 bytes
2023-03-20 17:11:44.069619 [DEBUG  ] [CON] 'Info' received message with type=10 and size=88
2023-03-20 17:11:44.069652 [DEBUG  ] [CON] 'Info' received 88 bytes
2023-03-20 17:11:44.069664 [DEBUG  ] [CON] 'Info' received message with type=10 and size=88
2023-03-20 17:11:44.319452 [DEBUG  ] [CON] 'Info' received 88 bytes
2023-03-20 17:11:44.319492 [DEBUG  ] [CON] 'Info' received message with type=10 and size=88
2023-03-20 17:11:44.319529 [DEBUG  ] [CON] 'Info' received 88 bytes
2023-03-20 17:11:44.319540 [DEBUG  ] [CON] 'Info' received message with type=10 and size=88
2023-03-20 17:11:44.361078 [DEBUG  ] [CON] 'Info' received 88 bytes
2023-03-20 17:11:44.361106 [DEBUG  ] [CON] 'Info' received message with type=11 and size=88
2023-03-20 17:11:44.437761 [DEBUG  ] [CON] 'Info' received 88 bytes
2023-03-20 17:11:44.437783 [DEBUG  ] [CON] 'Info' received message with type=11 and size=88
2023-03-20 17:11:44.514197 [DEBUG  ] [CON] 'Info' received 88 bytes
2023-03-20 17:11:44.514224 [DEBUG  ] [CON] 'Info' received message with type=11 and size=88
2023-03-20 17:11:44.521715 [DEBUG  ] [CON] 'Info' received 88 bytes
2023-03-20 17:11:44.521734 [DEBUG  ] [CON] 'Info' received message with type=10 and size=88
2023-03-20 17:11:44.521808 [DEBUG  ] [CON] 'Exec' sent 7 bytes
2023-03-20 17:11:44.521845 [DEBUG  ] [CON] 'Info' received 88 bytes
2023-03-20 17:11:44.521859 [DEBUG  ] [CON] 'Info' received message with type=10 and size=88
2023-03-20 17:11:44.521895 [DEBUG  ] [CON] 'Exec' sent 41 bytes
2023-03-20 17:11:44.522084 [DEBUG  ] [CON] 'Exec' received 19 bytes
2023-03-20 17:11:44.522100 [DEBUG  ] [CON] 'Exec' received message with type=9 and size=19
2023-03-20 17:11:44.522256 [DEBUG  ] [CON] 'Exec' received 19 bytes
2023-03-20 17:11:44.522274 [DEBUG  ] [CON] 'Exec' received message with type=9 and size=19
2023-03-20 17:11:44.522466 [DEBUG  ] [CON] 'Exec' received 19 bytes
2023-03-20 17:11:44.522485 [DEBUG  ] [CON] 'Exec' received message with type=9 and size=19
2023-03-20 17:11:44.522551 [DEBUG  ] [CON] 'Exec' received 19 bytes
2023-03-20 17:11:44.522571 [DEBUG  ] [CON] 'Exec' received message with type=9 and size=19
2023-03-20 17:11:44.623940 [DEBUG  ] [CON] 'Info' received 88 bytes
2023-03-20 17:11:44.623973 [DEBUG  ] [CON] 'Info' received message with type=11 and size=88
2023-03-20 17:11:44.722021 [DEBUG  ] [CON] 'Info' received 88 bytes
2023-03-20 17:11:44.722049 [DEBUG  ] [CON] 'Info' received message with type=11 and size=88
2023-03-20 17:11:44.813840 [DEBUG  ] [CON] 'Info' received 88 bytes
2023-03-20 17:11:44.813897 [DEBUG  ] [CON] 'Info' received message with type=10 and size=88
2023-03-20 17:11:44.814039 [DEBUG  ] [CON] 'Exec' sent 7 bytes
2023-03-20 17:11:44.814116 [DEBUG  ] [CON] 'Info' received 88 bytes
2023-03-20 17:11:44.814140 [DEBUG  ] [CON] 'Info' received message with type=10 and size=88
2023-03-20 17:11:44.814187 [DEBUG  ] [CON] 'Exec' sent 17 bytes
2023-03-20 17:11:44.815510 [DEBUG  ] [CON] 'Exec' received 19 bytes
2023-03-20 17:11:44.815546 [DEBUG  ] [CON] 'Exec' received message with type=9 and size=19
2023-03-20 17:11:44.816063 [DEBUG  ] [CON] 'Exec' received 19 bytes
2023-03-20 17:11:44.816093 [DEBUG  ] [CON] 'Exec' received message with type=9 and size=19
2023-03-20 17:11:44.966422 [DEBUG  ] [CON] 'Exec' received 34 bytes
2023-03-20 17:11:44.966452 [DEBUG  ] [CON] 'Exec' received message with type=8 and size=15
2023-03-20 17:11:44.966481 [DEBUG  ] [CON] 'Exec' received message with type=9 and size=19
2023-03-20 17:11:44.966737 [DEBUG  ] [CON] 'Info' received 88 bytes
2023-03-20 17:11:44.966753 [DEBUG  ] [CON] 'Info' received message with type=11 and size=88
2023-03-20 17:11:45.050643 [DEBUG  ] [CON] 'Info' received 88 bytes
2023-03-20 17:11:45.050668 [DEBUG  ] [CON] 'Info' received message with type=10 and size=88
2023-03-20 17:11:45.050821 [DEBUG  ] [CON] 'Exec' sent 7 bytes
2023-03-20 17:11:45.050887 [DEBUG  ] [CON] 'Info' received 88 bytes
2023-03-20 17:11:45.050898 [DEBUG  ] [CON] 'Info' received message with type=10 and size=88
2023-03-20 17:11:45.050924 [DEBUG  ] [CON] 'Exec' sent 34 bytes
2023-03-20 17:11:45.052268 [DEBUG  ] [CON] 'Exec' received 19 bytes
2023-03-20 17:11:45.052301 [DEBUG  ] [CON] 'Exec' received message with type=9 and size=19
2023-03-20 17:11:45.052672 [DEBUG  ] [CON] 'Exec' received 15 bytes
2023-03-20 17:11:45.052688 [DEBUG  ] [CON] 'Exec' received message with type=8 and size=15
2023-03-20 17:11:45.052727 [DEBUG  ] [CON] 'Exec' received 19 bytes
2023-03-20 17:11:45.052739 [DEBUG  ] [CON] 'Exec' received message with type=9 and size=19
2023-03-20 17:11:45.052804 [DEBUG  ] [CON] 'Exec' received 19 bytes
2023-03-20 17:11:45.052818 [DEBUG  ] [CON] 'Exec' received message with type=9 and size=19
2023-03-20 17:11:45.052894 [DEBUG  ] [CON] 'Info' received 88 bytes
2023-03-20 17:11:45.052923 [DEBUG  ] [CON] 'Info' received message with type=11 and size=88
2023-03-20 17:11:45.350853 [DEBUG  ] [CON] 'Info' received 88 bytes
2023-03-20 17:11:45.350886 [DEBUG  ] [CON] 'Info' received message with type=10 and size=88
2023-03-20 17:11:45.350978 [DEBUG  ] [CON] 'Exec' sent 17 bytes
2023-03-20 17:11:45.350993 [DEBUG  ] [CON] 'Info' received 88 bytes
2023-03-20 17:11:45.350998 [DEBUG  ] [CON] 'Info' received message with type=10 and size=88
2023-03-20 17:11:45.353305 [DEBUG  ] [CON] 'Exec' received 15 bytes
2023-03-20 17:11:45.353328 [DEBUG  ] [CON] 'Exec' received message with type=8 and size=15
2023-03-20 17:11:45.353382 [DEBUG  ] [CON] 'Exec' received 19 bytes
2023-03-20 17:11:45.353392 [DEBUG  ] [CON] 'Exec' received message with type=9 and size=19
2023-03-20 17:11:45.353435 [DEBUG  ] [CON] 'Info' received 88 bytes
2023-03-20 17:11:45.353446 [DEBUG  ] [CON] 'Info' received message with type=11 and size=88
2023-03-20 17:11:45.607240 [DEBUG  ] [CON] 'Info' received 88 bytes
2023-03-20 17:11:45.607293 [DEBUG  ] [CON] 'Info' received message with type=10 and size=88
2023-03-20 17:11:45.607407 [DEBUG  ] [CON] 'Exec' sent 7 bytes
2023-03-20 17:11:45.607459 [DEBUG  ] [CON] 'Info' received 88 bytes
2023-03-20 17:11:45.607493 [DEBUG  ] [CON] 'Info' received message with type=10 and size=88
2023-03-20 17:11:45.607560 [DEBUG  ] [CON] 'Exec' sent 17 bytes
2023-03-20 17:11:45.608267 [DEBUG  ] [CON] 'Exec' received 19 bytes
2023-03-20 17:11:45.608295 [DEBUG  ] [CON] 'Exec' received message with type=9 and size=19
2023-03-20 17:11:45.608830 [DEBUG  ] [CON] 'Exec' received 19 bytes
2023-03-20 17:11:45.608858 [DEBUG  ] [CON] 'Exec' received message with type=9 and size=19
2023-03-20 17:11:45.817768 [DEBUG  ] [CON] 'Info' received 88 bytes
2023-03-20 17:11:45.817799 [DEBUG  ] [CON] 'Info' received message with type=10 and size=88
2023-03-20 17:11:45.817839 [DEBUG  ] [CON] 'Info' received 88 bytes
2023-03-20 17:11:45.817859 [DEBUG  ] [CON] 'Info' received message with type=10 and size=88
2023-03-20 17:11:45.928689 [DEBUG  ] [CON] 'Info' received 88 bytes
2023-03-20 17:11:45.928716 [DEBUG  ] [CON] 'Info' received message with type=11 and size=88
2023-03-20 17:11:45.981427 [DEBUG  ] [CON] 'Info' received 88 bytes
2023-03-20 17:11:45.981450 [DEBUG  ] [CON] 'Info' received message with type=11 and size=88
2023-03-20 17:11:45.981476 [DEBUG  ] [CON] 'Info' received 88 bytes
2023-03-20 17:11:45.981482 [DEBUG  ] [CON] 'Info' received message with type=11 and size=88
2023-03-20 17:11:46.020895 [DEBUG  ] [CON] 'Info' received 88 bytes
2023-03-20 17:11:46.020920 [DEBUG  ] [CON] 'Info' received message with type=10 and size=88
2023-03-20 17:11:46.021030 [DEBUG  ] [CON] 'Exec' sent 7 bytes
2023-03-20 17:11:46.021060 [DEBUG  ] [CON] 'Info' received 88 bytes
2023-03-20 17:11:46.021069 [DEBUG  ] [CON] 'Info' received message with type=10 and size=88
2023-03-20 17:11:46.021112 [DEBUG  ] [CON] 'Exec' sent 17 bytes
2023-03-20 17:11:46.021209 [DEBUG  ] [CON] 'Exec' received 19 bytes
2023-03-20 17:11:46.021222 [DEBUG  ] [CON] 'Exec' received message with type=9 and size=19
2023-03-20 17:11:46.021408 [DEBUG  ] [CON] 'Exec' received 19 bytes
2023-03-20 17:11:46.021425 [DEBUG  ] [CON] 'Exec' received message with type=9 and size=19
2023-03-20 17:11:46.276137 [DEBUG  ] [CON] 'Info' received 88 bytes
2023-03-20 17:11:46.276163 [DEBUG  ] [CON] 'Info' received message with type=11 and size=88
2023-03-20 17:11:46.329934 [DEBUG  ] [CON] 'Info' received 88 bytes
2023-03-20 17:11:46.329972 [DEBUG  ] [CON] 'Info' received message with type=10 and size=88
2023-03-20 17:11:46.330056 [DEBUG  ] [CON] 'Exec' sent 7 bytes
2023-03-20 17:11:46.330096 [DEBUG  ] [CON] 'Info' received 88 bytes
2023-03-20 17:11:46.330109 [DEBUG  ] [CON] 'Info' received message with type=10 and size=88
2023-03-20 17:11:46.330144 [DEBUG  ] [CON] 'Exec' sent 17 bytes
2023-03-20 17:11:46.330675 [DEBUG  ] [CON] 'Exec' received 19 bytes
2023-03-20 17:11:46.330701 [DEBUG  ] [CON] 'Exec' received message with type=9 and size=19
2023-03-20 17:11:46.331047 [DEBUG  ] [CON] 'Exec' received 19 bytes
2023-03-20 17:11:46.331073 [DEBUG  ] [CON] 'Exec' received message with type=9 and size=19
2023-03-20 17:11:46.331116 [DEBUG  ] [CON] 'Info' received 88 bytes
2023-03-20 17:11:46.331132 [DEBUG  ] [CON] 'Info' received message with type=11 and size=88
2023-03-20 17:11:46.572511 [DEBUG  ] [CON] 'Info' received 88 bytes
2023-03-20 17:11:46.572577 [DEBUG  ] [CON] 'Info' received message with type=10 and size=88
2023-03-20 17:11:46.572616 [DEBUG  ] [CON] 'Info' received 88 bytes
2023-03-20 17:11:46.572627 [DEBUG  ] [CON] 'Info' received message with type=10 and size=88
2023-03-20 17:11:46.839575 [DEBUG  ] [CON] 'Info' received 88 bytes
2023-03-20 17:11:46.839606 [DEBUG  ] [CON] 'Info' received message with type=10 and size=88
2023-03-20 17:11:46.839666 [DEBUG  ] [CON] 'Info' received 88 bytes
2023-03-20 17:11:46.839682 [DEBUG  ] [CON] 'Info' received message with type=10 and size=88
2023-03-20 17:11:47.083251 [DEBUG  ] [CON] 'Info' received 88 bytes
2023-03-20 17:11:47.083281 [DEBUG  ] [CON] 'Info' received message with type=10 and size=88
2023-03-20 17:11:47.083420 [DEBUG  ] [CON] 'Info' received 88 bytes
2023-03-20 17:11:47.083436 [DEBUG  ] [CON] 'Info' received message with type=10 and size=88
2023-03-20 17:11:47.289489 [DEBUG  ] [CON] 'Info' received 88 bytes
2023-03-20 17:11:47.289519 [DEBUG  ] [CON] 'Info' received message with type=10 and size=88
2023-03-20 17:11:47.289555 [DEBUG  ] [CON] 'Info' received 88 bytes
2023-03-20 17:11:47.289572 [DEBUG  ] [CON] 'Info' received message with type=10 and size=88
2023-03-20 17:11:47.421891 [DEBUG  ] [CON] 'Info' received 88 bytes
2023-03-20 17:11:47.421916 [DEBUG  ] [CON] 'Info' received message with type=11 and size=88
2023-03-20 17:11:47.528578 [DEBUG  ] [CON] 'Info' received 88 bytes
2023-03-20 17:11:47.528602 [DEBUG  ] [CON] 'Info' received message with type=10 and size=88
2023-03-20 17:11:47.528664 [DEBUG  ] [CON] 'Exec' sent 7 bytes
2023-03-20 17:11:47.528703 [DEBUG  ] [CON] 'Info' received 88 bytes
2023-03-20 17:11:47.528716 [DEBUG  ] [CON] 'Info' received message with type=10 and size=88
2023-03-20 17:11:47.528745 [DEBUG  ] [CON] 'Exec' sent 17 bytes
2023-03-20 17:11:47.528910 [DEBUG  ] [CON] 'Exec' received 19 bytes
2023-03-20 17:11:47.528925 [DEBUG  ] [CON] 'Exec' received message with type=9 and size=19
2023-03-20 17:11:47.529157 [DEBUG  ] [CON] 'Exec' received 19 bytes
2023-03-20 17:11:47.529172 [DEBUG  ] [CON] 'Exec' received message with type=9 and size=19
2023-03-20 17:11:47.615702 [DEBUG  ] [CON] 'Exec' received 34 bytes
2023-03-20 17:11:47.615738 [DEBUG  ] [CON] 'Exec' received message with type=8 and size=15
2023-03-20 17:11:47.615752 [DEBUG  ] [CON] 'Exec' received message with type=9 and size=19
2023-03-20 17:11:47.616722 [DEBUG  ] [CON] 'Info' received 88 bytes
2023-03-20 17:11:47.616744 [DEBUG  ] [CON] 'Info' received message with type=11 and size=88
2023-03-20 17:11:47.723441 [DEBUG  ] [CON] 'Info' received 88 bytes
2023-03-20 17:11:47.723465 [DEBUG  ] [CON] 'Info' received message with type=11 and size=88
2023-03-20 17:11:47.816321 [DEBUG  ] [CON] 'Info' received 88 bytes
2023-03-20 17:11:47.816347 [DEBUG  ] [CON] 'Info' received message with type=10 and size=88
2023-03-20 17:11:47.816399 [DEBUG  ] [CON] 'Exec' sent 7 bytes
2023-03-20 17:11:47.816422 [DEBUG  ] [CON] 'Info' received 88 bytes
2023-03-20 17:11:47.816429 [DEBUG  ] [CON] 'Info' received message with type=10 and size=88
2023-03-20 17:11:47.816458 [DEBUG  ] [CON] 'Exec' sent 34 bytes
2023-03-20 17:11:47.816515 [DEBUG  ] [CON] 'Exec' received 19 bytes
2023-03-20 17:11:47.816535 [DEBUG  ] [CON] 'Exec' received message with type=9 and size=19
2023-03-20 17:11:47.816738 [DEBUG  ] [CON] 'Exec' received 19 bytes
2023-03-20 17:11:47.816755 [DEBUG  ] [CON] 'Exec' received message with type=9 and size=19
2023-03-20 17:11:47.816801 [DEBUG  ] [CON] 'Exec' received 19 bytes
2023-03-20 17:11:47.816817 [DEBUG  ] [CON] 'Exec' received message with type=9 and size=19
2023-03-20 17:11:48.033268 [DEBUG  ] [CON] 'Info' received 88 bytes
2023-03-20 17:11:48.033297 [DEBUG  ] [CON] 'Info' received message with type=10 and size=88
2023-03-20 17:11:48.033331 [DEBUG  ] [CON] 'Info' received 88 bytes
2023-03-20 17:11:48.033348 [DEBUG  ] [CON] 'Info' received message with type=10 and size=88
2023-03-20 17:11:48.307971 [DEBUG  ] [CON] 'Info' received 88 bytes
2023-03-20 17:11:48.308008 [DEBUG  ] [CON] 'Info' received message with type=10 and size=88
2023-03-20 17:11:48.308044 [DEBUG  ] [CON] 'Info' received 88 bytes
2023-03-20 17:11:48.308056 [DEBUG  ] [CON] 'Info' received message with type=10 and size=88
2023-03-20 17:11:48.556758 [DEBUG  ] [CON] 'Info' received 88 bytes
2023-03-20 17:11:48.556805 [DEBUG  ] [CON] 'Info' received message with type=10 and size=88
2023-03-20 17:11:48.556865 [DEBUG  ] [CON] 'Info' received 88 bytes
2023-03-20 17:11:48.556876 [DEBUG  ] [CON] 'Info' received message with type=10 and size=88
2023-03-20 17:11:48.822096 [DEBUG  ] [CON] 'Info' received 88 bytes
2023-03-20 17:11:48.822130 [DEBUG  ] [CON] 'Info' received message with type=10 and size=88
2023-03-20 17:11:48.822224 [DEBU